<?xml version="1.0" encoding="UTF-8"?>
<coverage generated="1722968998335" clover="3.2.0">
  <project timestamp="1722968998335" name="All files">
    <metrics statements="144" coveredstatements="143" conditionals="304" coveredconditionals="299" methods="8" coveredmethods="8" elements="456" coveredelements="450" complexity="0" loc="144" ncloc="144" packages="2" files="4" classes="4"/>
    <package name="lib">
      <metrics statements="136" coveredstatements="135" conditionals="301" coveredconditionals="296" methods="7" coveredmethods="7"/>
      <file name="get-latest-tlds.mjs" path="/Users/zane/playground/true-email-validator/src/lib/get-latest-tlds.mjs">
        <metrics statements="17" coveredstatements="17" conditionals="5" coveredconditionals="5" methods="2" coveredmethods="2"/>
        <line num="1" count="1" type="stmt"/>
        <line num="2" count="1" type="stmt"/>
        <line num="12" count="1" type="stmt"/>
        <line num="13" count="4" type="stmt"/>
        <line num="15" count="4" type="stmt"/>
        <line num="16" count="4" type="cond" truecount="1" falsecount="0"/>
        <line num="17" count="1" type="stmt"/>
        <line num="19" count="3" type="stmt"/>
        <line num="21" count="3" type="stmt"/>
        <line num="22" count="8" type="stmt"/>
        <line num="23" count="8" type="cond" truecount="3" falsecount="0"/>
        <line num="24" count="5" type="cond" truecount="1" falsecount="0"/>
        <line num="25" count="1" type="stmt"/>
        <line num="26" count="1" type="stmt"/>
        <line num="28" count="5" type="stmt"/>
        <line num="32" count="3" type="stmt"/>
        <line num="33" count="1" type="stmt"/>
      </file>
      <file name="valid-tlds.mjs" path="/Users/zane/playground/true-email-validator/src/lib/valid-tlds.mjs">
        <metrics statements="1" coveredstatements="1" conditionals="0" coveredconditionals="0" methods="0" coveredmethods="0"/>
        <line num="2" count="1" type="stmt"/>
      </file>
      <file name="validate-email.mjs" path="/Users/zane/playground/true-email-validator/src/lib/validate-email.mjs">
        <metrics statements="118" coveredstatements="117" conditionals="296" coveredconditionals="291" methods="5" coveredmethods="5"/>
        <line num="1" count="1" type="stmt"/>
        <line num="3" count="1" type="stmt"/>
        <line num="4" count="1" type="stmt"/>
        <line num="5" count="2" type="cond" truecount="4" falsecount="2"/>
        <line num="121" count="1" type="cond" truecount="1" falsecount="0"/>
        <line num="141" count="162" type="cond" truecount="4" falsecount="0"/>
        <line num="142" count="4" type="stmt"/>
        <line num="143" count="158" type="cond" truecount="1" falsecount="0"/>
        <line num="144" count="2" type="stmt"/>
        <line num="147" count="156" type="stmt"/>
        <line num="149" count="156" type="stmt"/>
        <line num="150" count="156" type="stmt"/>
        <line num="151" count="156" type="cond" truecount="2" falsecount="0"/>
        <line num="152" count="10" type="stmt"/>
        <line num="153" count="146" type="cond" truecount="1" falsecount="0"/>
        <line num="154" count="2" type="stmt"/>
        <line num="161" count="144" type="stmt"/>
        <line num="162" count="144" type="cond" truecount="6" falsecount="0"/>
        <line num="163" count="144" type="stmt"/>
        <line num="164" count="144" type="cond" truecount="6" falsecount="0"/>
        <line num="166" count="144" type="stmt"/>
        <line num="168" count="144" type="cond" truecount="2" falsecount="0"/>
        <line num="169" count="113" type="cond" truecount="6" falsecount="0"/>
        <line num="170" count="113" type="stmt"/>
        <line num="171" count="113" type="cond" truecount="6" falsecount="0"/>
        <line num="173" count="31" type="cond" truecount="6" falsecount="0"/>
        <line num="174" count="31" type="stmt"/>
        <line num="175" count="31" type="cond" truecount="6" falsecount="0"/>
        <line num="178" count="144" type="cond" truecount="1" falsecount="0"/>
        <line num="179" count="142" type="stmt"/>
        <line num="180" count="142" type="cond" truecount="1" falsecount="0"/>
        <line num="181" count="2" type="stmt"/>
        <line num="183" count="142" type="cond" truecount="2" falsecount="0"/>
        <line num="184" count="142" type="cond" truecount="1" falsecount="0"/>
        <line num="187" count="2" type="stmt"/>
        <line num="191" count="144" type="cond" truecount="6" falsecount="0"/>
        <line num="196" count="10" type="stmt"/>
        <line num="198" count="144" type="cond" truecount="2" falsecount="0"/>
        <line num="199" count="31" type="cond" truecount="5" falsecount="0"/>
        <line num="201" count="23" type="cond" truecount="2" falsecount="0"/>
        <line num="202" count="10" type="stmt"/>
        <line num="203" count="10" type="stmt"/>
        <line num="204" count="13" type="cond" truecount="2" falsecount="0"/>
        <line num="205" count="7" type="stmt"/>
        <line num="206" count="7" type="stmt"/>
        <line num="208" count="6" type="cond" truecount="2" falsecount="0"/>
        <line num="209" count="6" type="stmt"/>
        <line num="212" count="23" type="cond" truecount="2" falsecount="0"/>
        <line num="213" count="7" type="stmt"/>
        <line num="214" count="16" type="cond" truecount="4" falsecount="0"/>
        <line num="215" count="2" type="stmt"/>
        <line num="216" count="14" type="cond" truecount="3" falsecount="0"/>
        <line num="217" count="4" type="stmt"/>
        <line num="219" count="8" type="cond" truecount="5" falsecount="0"/>
        <line num="220" count="2" type="stmt"/>
        <line num="221" count="6" type="cond" truecount="1" falsecount="0"/>
        <line num="222" count="2" type="stmt"/>
        <line num="225" count="113" type="cond" truecount="5" falsecount="0"/>
        <line num="226" count="8" type="stmt"/>
        <line num="227" count="8" type="cond" truecount="1" falsecount="1"/>
        <line num="228" count="8" type="cond" truecount="1" falsecount="0"/>
        <line num="229" count="6" type="stmt"/>
        <line num="230" count="6" type="stmt"/>
        <line num="235" count="113" type="stmt"/>
        <line num="236" count="113" type="stmt"/>
        <line num="238" count="113" type="cond" truecount="4" falsecount="0"/>
        <line num="239" count="5" type="stmt"/>
        <line num="240" count="5" type="cond" truecount="1" falsecount="0"/>
        <line num="241" count="3" type="stmt"/>
        <line num="243" count="108" type="cond" truecount="4" falsecount="0"/>
        <line num="246" count="4" type="stmt"/>
        <line num="247" count="104" type="cond" truecount="3" falsecount="0"/>
        <line num="248" count="98" type="cond" truecount="1" falsecount="0"/>
        <line num="249" count="92" type="cond" truecount="2" falsecount="0"/>
        <line num="251" count="92" type="cond" truecount="5" falsecount="0"/>
        <line num="253" count="4" type="stmt"/>
        <line num="257" count="98" type="cond" truecount="1" falsecount="0"/>
        <line num="258" count="2" type="stmt"/>
        <line num="260" count="98" type="stmt"/>
        <line num="261" count="98" type="stmt"/>
        <line num="262" count="198" type="cond" truecount="1" falsecount="0"/>
        <line num="263" count="4" type="stmt"/>
        <line num="269" count="144" type="cond" truecount="3" falsecount="0"/>
        <line num="270" count="7" type="stmt"/>
        <line num="272" count="144" type="cond" truecount="7" falsecount="0"/>
        <line num="273" count="8" type="cond" truecount="2" falsecount="0"/>
        <line num="274" count="8" type="cond" truecount="1" falsecount="0"/>
        <line num="275" count="2" type="stmt"/>
        <line num="277" count="8" type="stmt"/>
        <line num="278" count="12" type="cond" truecount="1" falsecount="0"/>
        <line num="279" count="12" type="cond" truecount="2" falsecount="0"/>
        <line num="283" count="144" type="cond" truecount="3" falsecount="0"/>
        <line num="284" count="111" type="cond" truecount="2" falsecount="0"/>
        <line num="286" count="7" type="cond" truecount="2" falsecount="0"/>
        <line num="287" count="2" type="stmt"/>
        <line num="288" count="5" type="cond" truecount="1" falsecount="0"/>
        <line num="291" count="2" type="stmt"/>
        <line num="294" count="104" type="cond" truecount="1" falsecount="0"/>
        <line num="296" count="4" type="cond" truecount="2" falsecount="0"/>
        <line num="297" count="2" type="stmt"/>
        <line num="298" count="2" type="cond" truecount="1" falsecount="0"/>
        <line num="301" count="2" type="stmt"/>
        <line num="304" count="111" type="cond" truecount="4" falsecount="0"/>
        <line num="305" count="2" type="stmt"/>
        <line num="307" count="111" type="cond" truecount="4" falsecount="0"/>
        <line num="308" count="2" type="stmt"/>
        <line num="312" count="144" type="stmt"/>
        <line num="325" count="144" type="cond" truecount="1" falsecount="0"/>
        <line num="326" count="8" type="stmt"/>
        <line num="327" count="8" type="stmt"/>
        <line num="329" count="144" type="cond" truecount="1" falsecount="0"/>
        <line num="330" count="6" type="stmt"/>
        <line num="331" count="6" type="cond" truecount="8" falsecount="1"/>
        <line num="338" count="2" type="stmt"/>
        <line num="339" count="4" type="cond" truecount="0" falsecount="1"/>
        <line num="340" count="0" type="stmt"/>
        <line num="344" count="144" type="stmt"/>
        <line num="345" count="1" type="stmt"/>
      </file>
    </package>
    <package name="lib.lib">
      <metrics statements="8" coveredstatements="8" conditionals="3" coveredconditionals="3" methods="1" coveredmethods="1"/>
      <file name="process-validation-result.mjs" path="/Users/zane/playground/true-email-validator/src/lib/lib/process-validation-result.mjs">
        <metrics statements="8" coveredstatements="8" conditionals="3" coveredconditionals="3" methods="1" coveredmethods="1"/>
        <line num="1" count="2" type="stmt"/>
        <line num="2" count="11" type="cond" truecount="1" falsecount="0"/>
        <line num="3" count="6" type="stmt"/>
        <line num="4" count="6" type="cond" truecount="2" falsecount="0"/>
        <line num="5" count="3" type="stmt"/>
        <line num="7" count="3" type="stmt"/>
        <line num="11" count="11" type="stmt"/>
        <line num="12" count="2" type="stmt"/>
      </file>
    </package>
  </project>
</coverage>
