{"/Users/zane/playground/true-email-validator/src/lib/get-latest-tlds.mjs": {"path":"/Users/zane/playground/true-email-validator/src/lib/get-latest-tlds.mjs","statementMap":{"0":{"start":{"line":1,"column":0},"end":{"line":1,"column":null}},"1":{"start":{"line":11,"column":22},"end":{"line":32,"column":1}},"2":{"start":{"line":12,"column":22},"end":{"line":12,"column":74}},"3":{"start":{"line":14,"column":19},"end":{"line":14,"column":43}},"4":{"start":{"line":15,"column":2},"end":{"line":17,"column":null}},"5":{"start":{"line":16,"column":4},"end":{"line":16,"column":null}},"6":{"start":{"line":18,"column":18},"end":{"line":18,"column":39}},"7":{"start":{"line":20,"column":20},"end":{"line":20,"column":22}},"8":{"start":{"line":21,"column":2},"end":{"line":29,"column":null}},"9":{"start":{"line":21,"column":53},"end":{"line":21,"column":70}},"10":{"start":{"line":22,"column":4},"end":{"line":28,"column":null}},"11":{"start":{"line":23,"column":6},"end":{"line":26,"column":null}},"12":{"start":{"line":24,"column":24},"end":{"line":24,"column":45}},"13":{"start":{"line":25,"column":8},"end":{"line":25,"column":null}},"14":{"start":{"line":27,"column":6},"end":{"line":27,"column":null}},"15":{"start":{"line":31,"column":2},"end":{"line":31,"column":null}},"16":{"start":{"line":32,"column":1},"end":{"line":32,"column":null}}},"fnMap":{"0":{"name":"(anonymous_0)","decl":{"start":{"line":11,"column":22},"end":{"line":11,"column":34}},"loc":{"start":{"line":11,"column":34},"end":{"line":32,"column":1}}},"1":{"name":"(anonymous_1)","decl":{"start":{"line":21,"column":45},"end":{"line":21,"column":48}},"loc":{"start":{"line":21,"column":53},"end":{"line":21,"column":70}}}},"branchMap":{"0":{"loc":{"start":{"line":15,"column":2},"end":{"line":17,"column":null}},"type":"if","locations":[{"start":{"line":15,"column":2},"end":{"line":17,"column":null}}]},"1":{"loc":{"start":{"line":22,"column":4},"end":{"line":28,"column":null}},"type":"if","locations":[{"start":{"line":22,"column":4},"end":{"line":28,"column":null}}]},"2":{"loc":{"start":{"line":22,"column":8},"end":{"line":22,"column":54}},"type":"binary-expr","locations":[{"start":{"line":22,"column":8},"end":{"line":22,"column":22}},{"start":{"line":22,"column":26},"end":{"line":22,"column":54}}]},"3":{"loc":{"start":{"line":23,"column":6},"end":{"line":26,"column":null}},"type":"if","locations":[{"start":{"line":23,"column":6},"end":{"line":26,"column":null}}]}},"s":{"0":1,"1":1,"2":4,"3":4,"4":4,"5":1,"6":3,"7":3,"8":3,"9":8,"10":8,"11":5,"12":1,"13":1,"14":5,"15":3,"16":1},"f":{"0":4,"1":8},"b":{"0":[1],"1":[5],"2":[8,6],"3":[1]}}
,"/Users/zane/playground/true-email-validator/src/lib/valid-tlds.mjs": {"path":"/Users/zane/playground/true-email-validator/src/lib/valid-tlds.mjs","statementMap":{"0":{"start":{"line":2,"column":15},"end":{"line":1600,"column":1}}},"fnMap":{},"branchMap":{},"s":{"0":1},"f":{},"b":{}}
,"/Users/zane/playground/true-email-validator/src/lib/validate-email.mjs": {"path":"/Users/zane/playground/true-email-validator/src/lib/validate-email.mjs","statementMap":{"0":{"start":{"line":1,"column":0},"end":{"line":1,"column":null}},"1":{"start":{"line":3,"column":0},"end":{"line":3,"column":null}},"2":{"start":{"line":4,"column":0},"end":{"line":4,"column":40}},"3":{"start":{"line":4,"column":40},"end":{"line":4,"column":null}},"4":{"start":{"line":108,"column":22},"end":{"line":318,"column":1}},"5":{"start":{"line":127,"column":2},"end":{"line":131,"column":null}},"6":{"start":{"line":128,"column":4},"end":{"line":128,"column":null}},"7":{"start":{"line":129,"column":9},"end":{"line":131,"column":null}},"8":{"start":{"line":130,"column":4},"end":{"line":130,"column":null}},"9":{"start":{"line":133,"column":17},"end":{"line":133,"column":19}},"10":{"start":{"line":135,"column":19},"end":{"line":135,"column":55}},"11":{"start":{"line":136,"column":2},"end":{"line":138,"column":null}},"12":{"start":{"line":137,"column":4},"end":{"line":137,"column":null}},"13":{"start":{"line":141,"column":25},"end":{"line":141,"column":51}},"14":{"start":{"line":142,"column":30},"end":{"line":142,"column":118}},"15":{"start":{"line":143,"column":19},"end":{"line":143,"column":48}},"16":{"start":{"line":144,"column":30},"end":{"line":144,"column":118}},"17":{"start":{"line":146,"column":22},"end":{"line":146,"column":48}},"18":{"start":{"line":148,"column":2},"end":{"line":156,"column":null}},"19":{"start":{"line":149,"column":4},"end":{"line":149,"column":null}},"20":{"start":{"line":150,"column":4},"end":{"line":150,"column":null}},"21":{"start":{"line":151,"column":4},"end":{"line":151,"column":null}},"22":{"start":{"line":153,"column":4},"end":{"line":153,"column":null}},"23":{"start":{"line":154,"column":4},"end":{"line":154,"column":null}},"24":{"start":{"line":155,"column":4},"end":{"line":155,"column":null}},"25":{"start":{"line":158,"column":2},"end":{"line":169,"column":null}},"26":{"start":{"line":159,"column":32},"end":{"line":159,"column":74}},"27":{"start":{"line":160,"column":4},"end":{"line":162,"column":null}},"28":{"start":{"line":161,"column":6},"end":{"line":161,"column":null}},"29":{"start":{"line":163,"column":31},"end":{"line":163,"column":119}},"30":{"start":{"line":164,"column":4},"end":{"line":168,"column":null}},"31":{"start":{"line":167,"column":6},"end":{"line":167,"column":null}},"32":{"start":{"line":171,"column":2},"end":{"line":177,"column":null}},"33":{"start":{"line":176,"column":4},"end":{"line":176,"column":null}},"34":{"start":{"line":178,"column":2},"end":{"line":247,"column":null}},"35":{"start":{"line":179,"column":4},"end":{"line":203,"column":null}},"36":{"start":{"line":181,"column":6},"end":{"line":190,"column":null}},"37":{"start":{"line":182,"column":8},"end":{"line":182,"column":null}},"38":{"start":{"line":182,"column":26},"end":{"line":182,"column":49}},"39":{"start":{"line":183,"column":8},"end":{"line":183,"column":null}},"40":{"start":{"line":184,"column":13},"end":{"line":190,"column":null}},"41":{"start":{"line":185,"column":8},"end":{"line":185,"column":null}},"42":{"start":{"line":185,"column":26},"end":{"line":185,"column":44}},"43":{"start":{"line":186,"column":8},"end":{"line":186,"column":null}},"44":{"start":{"line":188,"column":8},"end":{"line":188,"column":null}},"45":{"start":{"line":188,"column":26},"end":{"line":188,"column":71}},"46":{"start":{"line":189,"column":8},"end":{"line":189,"column":null}},"47":{"start":{"line":192,"column":6},"end":{"line":198,"column":null}},"48":{"start":{"line":193,"column":8},"end":{"line":193,"column":null}},"49":{"start":{"line":194,"column":13},"end":{"line":198,"column":null}},"50":{"start":{"line":195,"column":8},"end":{"line":195,"column":null}},"51":{"start":{"line":196,"column":13},"end":{"line":198,"column":null}},"52":{"start":{"line":197,"column":8},"end":{"line":197,"column":null}},"53":{"start":{"line":199,"column":11},"end":{"line":203,"column":null}},"54":{"start":{"line":200,"column":6},"end":{"line":200,"column":null}},"55":{"start":{"line":201,"column":11},"end":{"line":203,"column":null}},"56":{"start":{"line":202,"column":6},"end":{"line":202,"column":null}},"57":{"start":{"line":205,"column":4},"end":{"line":213,"column":null}},"58":{"start":{"line":206,"column":6},"end":{"line":212,"column":null}},"59":{"start":{"line":207,"column":29},"end":{"line":207,"column":99}},"60":{"start":{"line":208,"column":8},"end":{"line":211,"column":null}},"61":{"start":{"line":209,"column":10},"end":{"line":209,"column":null}},"62":{"start":{"line":210,"column":10},"end":{"line":210,"column":null}},"63":{"start":{"line":215,"column":23},"end":{"line":215,"column":40}},"64":{"start":{"line":216,"column":16},"end":{"line":216,"column":63}},"65":{"start":{"line":218,"column":4},"end":{"line":246,"column":null}},"66":{"start":{"line":219,"column":6},"end":{"line":219,"column":null}},"67":{"start":{"line":220,"column":6},"end":{"line":222,"column":null}},"68":{"start":{"line":221,"column":8},"end":{"line":221,"column":null}},"69":{"start":{"line":223,"column":11},"end":{"line":246,"column":null}},"70":{"start":{"line":226,"column":6},"end":{"line":226,"column":null}},"71":{"start":{"line":227,"column":11},"end":{"line":246,"column":null}},"72":{"start":{"line":228,"column":6},"end":{"line":235,"column":null}},"73":{"start":{"line":229,"column":8},"end":{"line":229,"column":null}},"74":{"start":{"line":231,"column":8},"end":{"line":234,"column":null}},"75":{"start":{"line":233,"column":10},"end":{"line":233,"column":null}},"76":{"start":{"line":237,"column":6},"end":{"line":239,"column":null}},"77":{"start":{"line":238,"column":8},"end":{"line":238,"column":null}},"78":{"start":{"line":240,"column":25},"end":{"line":240,"column":35}},"79":{"start":{"line":241,"column":6},"end":{"line":245,"column":null}},"80":{"start":{"line":242,"column":8},"end":{"line":244,"column":null}},"81":{"start":{"line":243,"column":10},"end":{"line":243,"column":null}},"82":{"start":{"line":249,"column":2},"end":{"line":251,"column":null}},"83":{"start":{"line":250,"column":4},"end":{"line":250,"column":null}},"84":{"start":{"line":252,"column":2},"end":{"line":259,"column":null}},"85":{"start":{"line":253,"column":4},"end":{"line":253,"column":null}},"86":{"start":{"line":254,"column":4},"end":{"line":258,"column":null}},"87":{"start":{"line":255,"column":6},"end":{"line":257,"column":null}},"88":{"start":{"line":256,"column":8},"end":{"line":256,"column":null}},"89":{"start":{"line":260,"column":2},"end":{"line":287,"column":null}},"90":{"start":{"line":261,"column":4},"end":{"line":280,"column":null}},"91":{"start":{"line":263,"column":6},"end":{"line":269,"column":null}},"92":{"start":{"line":264,"column":8},"end":{"line":264,"column":null}},"93":{"start":{"line":265,"column":13},"end":{"line":269,"column":null}},"94":{"start":{"line":268,"column":8},"end":{"line":268,"column":null}},"95":{"start":{"line":271,"column":11},"end":{"line":280,"column":null}},"96":{"start":{"line":273,"column":6},"end":{"line":279,"column":null}},"97":{"start":{"line":274,"column":8},"end":{"line":274,"column":null}},"98":{"start":{"line":275,"column":13},"end":{"line":279,"column":null}},"99":{"start":{"line":278,"column":8},"end":{"line":278,"column":null}},"100":{"start":{"line":281,"column":4},"end":{"line":283,"column":null}},"101":{"start":{"line":282,"column":6},"end":{"line":282,"column":null}},"102":{"start":{"line":284,"column":4},"end":{"line":286,"column":null}},"103":{"start":{"line":285,"column":6},"end":{"line":285,"column":null}},"104":{"start":{"line":289,"column":15},"end":{"line":300,"column":3}},"105":{"start":{"line":302,"column":2},"end":{"line":312,"column":null}},"106":{"start":{"line":303,"column":27},"end":{"line":303,"column":47}},"107":{"start":{"line":304,"column":4},"end":{"line":311,"column":null}},"108":{"start":{"line":305,"column":6},"end":{"line":305,"column":null}},"109":{"start":{"line":306,"column":6},"end":{"line":310,"column":null}},"110":{"start":{"line":307,"column":8},"end":{"line":307,"column":null}},"111":{"start":{"line":309,"column":8},"end":{"line":309,"column":null}},"112":{"start":{"line":313,"column":2},"end":{"line":315,"column":null}},"113":{"start":{"line":314,"column":4},"end":{"line":314,"column":null}},"114":{"start":{"line":317,"column":2},"end":{"line":317,"column":null}},"115":{"start":{"line":318,"column":1},"end":{"line":318,"column":null}}},"fnMap":{"0":{"name":"_getRequireWildcardCache","decl":{"start":{"line":4,"column":40},"end":{"line":4,"column":null}},"loc":{"start":{"line":4,"column":40},"end":{"line":4,"column":null}}},"1":{"name":"(anonymous_3)","decl":{"start":{"line":108,"column":22},"end":{"line":108,"column":32}},"loc":{"start":{"line":126,"column":8},"end":{"line":318,"column":1}}},"2":{"name":"(anonymous_4)","decl":{"start":{"line":182,"column":16},"end":{"line":182,"column":21}},"loc":{"start":{"line":182,"column":26},"end":{"line":182,"column":49}}},"3":{"name":"(anonymous_5)","decl":{"start":{"line":185,"column":16},"end":{"line":185,"column":21}},"loc":{"start":{"line":185,"column":26},"end":{"line":185,"column":44}}},"4":{"name":"(anonymous_6)","decl":{"start":{"line":188,"column":16},"end":{"line":188,"column":21}},"loc":{"start":{"line":188,"column":26},"end":{"line":188,"column":71}}}},"branchMap":{"0":{"loc":{"start":{"line":4,"column":40},"end":{"line":4,"column":null}},"type":"if","locations":[{"start":{"line":4,"column":40},"end":{"line":4,"column":null}}]},"1":{"loc":{"start":{"line":4,"column":40},"end":{"line":4,"column":null}},"type":"cond-expr","locations":[{"start":{"line":4,"column":40},"end":{"line":4,"column":null}},{"start":{"line":4,"column":40},"end":{"line":4,"column":null}}]},"2":{"loc":{"start":{"line":4,"column":40},"end":{"line":4,"column":null}},"type":"binary-expr","locations":[{"start":{"line":4,"column":40},"end":{"line":4,"column":null}},{"start":{"line":4,"column":40},"end":{"line":4,"column":null}},{"start":{"line":4,"column":40},"end":{"line":4,"column":null}}]},"3":{"loc":{"start":{"line":108,"column":39},"end":{"line":126,"column":6}},"type":"default-arg","locations":[{"start":{"line":126,"column":4},"end":{"line":126,"column":6}}]},"4":{"loc":{"start":{"line":109,"column":2},"end":{"line":109,"column":46}},"type":"default-arg","locations":[{"start":{"line":109,"column":18},"end":{"line":109,"column":46}}]},"5":{"loc":{"start":{"line":109,"column":18},"end":{"line":109,"column":46}},"type":"binary-expr","locations":[{"start":{"line":109,"column":18},"end":{"line":109,"column":37}},{"start":{"line":109,"column":41},"end":{"line":109,"column":46}}]},"6":{"loc":{"start":{"line":109,"column":18},"end":{"line":109,"column":37}},"type":"cond-expr","locations":[{"start":{"line":109,"column":22},"end":{"line":109,"column":24}},{"start":{"line":109,"column":18},"end":{"line":109,"column":37}}]},"7":{"loc":{"start":{"line":109,"column":18},"end":{"line":109,"column":24}},"type":"binary-expr","locations":[{"start":{"line":109,"column":18},"end":{"line":109,"column":24}},{"start":{"line":109,"column":18},"end":{"line":109,"column":24}}]},"8":{"loc":{"start":{"line":110,"column":2},"end":{"line":110,"column":48}},"type":"default-arg","locations":[{"start":{"line":110,"column":19},"end":{"line":110,"column":48}}]},"9":{"loc":{"start":{"line":110,"column":19},"end":{"line":110,"column":48}},"type":"binary-expr","locations":[{"start":{"line":110,"column":19},"end":{"line":110,"column":39}},{"start":{"line":110,"column":43},"end":{"line":110,"column":48}}]},"10":{"loc":{"start":{"line":110,"column":19},"end":{"line":110,"column":39}},"type":"cond-expr","locations":[{"start":{"line":110,"column":23},"end":{"line":110,"column":25}},{"start":{"line":110,"column":19},"end":{"line":110,"column":39}}]},"11":{"loc":{"start":{"line":110,"column":19},"end":{"line":110,"column":25}},"type":"binary-expr","locations":[{"start":{"line":110,"column":19},"end":{"line":110,"column":25}},{"start":{"line":110,"column":19},"end":{"line":110,"column":25}}]},"12":{"loc":{"start":{"line":111,"column":2},"end":{"line":111,"column":62}},"type":"default-arg","locations":[{"start":{"line":111,"column":26},"end":{"line":111,"column":62}}]},"13":{"loc":{"start":{"line":111,"column":26},"end":{"line":111,"column":62}},"type":"binary-expr","locations":[{"start":{"line":111,"column":26},"end":{"line":111,"column":53}},{"start":{"line":111,"column":57},"end":{"line":111,"column":62}}]},"14":{"loc":{"start":{"line":111,"column":26},"end":{"line":111,"column":53}},"type":"cond-expr","locations":[{"start":{"line":111,"column":30},"end":{"line":111,"column":32}},{"start":{"line":111,"column":26},"end":{"line":111,"column":53}}]},"15":{"loc":{"start":{"line":111,"column":26},"end":{"line":111,"column":32}},"type":"binary-expr","locations":[{"start":{"line":111,"column":26},"end":{"line":111,"column":32}},{"start":{"line":111,"column":26},"end":{"line":111,"column":32}}]},"16":{"loc":{"start":{"line":112,"column":2},"end":{"line":112,"column":38}},"type":"default-arg","locations":[{"start":{"line":112,"column":14},"end":{"line":112,"column":38}}]},"17":{"loc":{"start":{"line":112,"column":14},"end":{"line":112,"column":38}},"type":"binary-expr","locations":[{"start":{"line":112,"column":14},"end":{"line":112,"column":29}},{"start":{"line":112,"column":33},"end":{"line":112,"column":38}}]},"18":{"loc":{"start":{"line":112,"column":14},"end":{"line":112,"column":29}},"type":"cond-expr","locations":[{"start":{"line":112,"column":18},"end":{"line":112,"column":20}},{"start":{"line":112,"column":14},"end":{"line":112,"column":29}}]},"19":{"loc":{"start":{"line":112,"column":14},"end":{"line":112,"column":20}},"type":"binary-expr","locations":[{"start":{"line":112,"column":14},"end":{"line":112,"column":20}},{"start":{"line":112,"column":14},"end":{"line":112,"column":20}}]},"20":{"loc":{"start":{"line":113,"column":2},"end":{"line":113,"column":38}},"type":"default-arg","locations":[{"start":{"line":113,"column":14},"end":{"line":113,"column":38}}]},"21":{"loc":{"start":{"line":113,"column":14},"end":{"line":113,"column":38}},"type":"binary-expr","locations":[{"start":{"line":113,"column":14},"end":{"line":113,"column":29}},{"start":{"line":113,"column":33},"end":{"line":113,"column":38}}]},"22":{"loc":{"start":{"line":113,"column":14},"end":{"line":113,"column":29}},"type":"cond-expr","locations":[{"start":{"line":113,"column":18},"end":{"line":113,"column":20}},{"start":{"line":113,"column":14},"end":{"line":113,"column":29}}]},"23":{"loc":{"start":{"line":113,"column":14},"end":{"line":113,"column":20}},"type":"binary-expr","locations":[{"start":{"line":113,"column":14},"end":{"line":113,"column":20}},{"start":{"line":113,"column":14},"end":{"line":113,"column":20}}]},"24":{"loc":{"start":{"line":114,"column":2},"end":{"line":114,"column":48}},"type":"default-arg","locations":[{"start":{"line":114,"column":19},"end":{"line":114,"column":48}}]},"25":{"loc":{"start":{"line":114,"column":19},"end":{"line":114,"column":48}},"type":"binary-expr","locations":[{"start":{"line":114,"column":19},"end":{"line":114,"column":39}},{"start":{"line":114,"column":43},"end":{"line":114,"column":48}}]},"26":{"loc":{"start":{"line":114,"column":19},"end":{"line":114,"column":39}},"type":"cond-expr","locations":[{"start":{"line":114,"column":23},"end":{"line":114,"column":25}},{"start":{"line":114,"column":19},"end":{"line":114,"column":39}}]},"27":{"loc":{"start":{"line":114,"column":19},"end":{"line":114,"column":25}},"type":"binary-expr","locations":[{"start":{"line":114,"column":19},"end":{"line":114,"column":25}},{"start":{"line":114,"column":19},"end":{"line":114,"column":25}}]},"28":{"loc":{"start":{"line":115,"column":2},"end":{"line":115,"column":60}},"type":"default-arg","locations":[{"start":{"line":115,"column":25},"end":{"line":115,"column":60}}]},"29":{"loc":{"start":{"line":115,"column":25},"end":{"line":115,"column":60}},"type":"binary-expr","locations":[{"start":{"line":115,"column":25},"end":{"line":115,"column":51}},{"start":{"line":115,"column":55},"end":{"line":115,"column":60}}]},"30":{"loc":{"start":{"line":115,"column":25},"end":{"line":115,"column":51}},"type":"cond-expr","locations":[{"start":{"line":115,"column":29},"end":{"line":115,"column":31}},{"start":{"line":115,"column":25},"end":{"line":115,"column":51}}]},"31":{"loc":{"start":{"line":115,"column":25},"end":{"line":115,"column":31}},"type":"binary-expr","locations":[{"start":{"line":115,"column":25},"end":{"line":115,"column":31}},{"start":{"line":115,"column":25},"end":{"line":115,"column":31}}]},"32":{"loc":{"start":{"line":116,"column":2},"end":{"line":116,"column":33}},"type":"default-arg","locations":[{"start":{"line":116,"column":16},"end":{"line":116,"column":33}}]},"33":{"loc":{"start":{"line":116,"column":16},"end":{"line":116,"column":33}},"type":"cond-expr","locations":[{"start":{"line":116,"column":20},"end":{"line":116,"column":22}},{"start":{"line":116,"column":16},"end":{"line":116,"column":33}}]},"34":{"loc":{"start":{"line":116,"column":16},"end":{"line":116,"column":22}},"type":"binary-expr","locations":[{"start":{"line":116,"column":16},"end":{"line":116,"column":22}},{"start":{"line":116,"column":16},"end":{"line":116,"column":22}}]},"35":{"loc":{"start":{"line":117,"column":2},"end":{"line":117,"column":46}},"type":"default-arg","locations":[{"start":{"line":117,"column":18},"end":{"line":117,"column":46}}]},"36":{"loc":{"start":{"line":117,"column":18},"end":{"line":117,"column":46}},"type":"binary-expr","locations":[{"start":{"line":117,"column":18},"end":{"line":117,"column":37}},{"start":{"line":117,"column":41},"end":{"line":117,"column":46}}]},"37":{"loc":{"start":{"line":117,"column":18},"end":{"line":117,"column":37}},"type":"cond-expr","locations":[{"start":{"line":117,"column":22},"end":{"line":117,"column":24}},{"start":{"line":117,"column":18},"end":{"line":117,"column":37}}]},"38":{"loc":{"start":{"line":117,"column":18},"end":{"line":117,"column":24}},"type":"binary-expr","locations":[{"start":{"line":117,"column":18},"end":{"line":117,"column":24}},{"start":{"line":117,"column":18},"end":{"line":117,"column":24}}]},"39":{"loc":{"start":{"line":118,"column":2},"end":{"line":118,"column":41}},"type":"default-arg","locations":[{"start":{"line":118,"column":17},"end":{"line":118,"column":41}}]},"40":{"loc":{"start":{"line":118,"column":17},"end":{"line":118,"column":41}},"type":"binary-expr","locations":[{"start":{"line":118,"column":17},"end":{"line":118,"column":35}},{"start":{"line":118,"column":39},"end":{"line":118,"column":41}}]},"41":{"loc":{"start":{"line":118,"column":17},"end":{"line":118,"column":35}},"type":"cond-expr","locations":[{"start":{"line":118,"column":21},"end":{"line":118,"column":23}},{"start":{"line":118,"column":17},"end":{"line":118,"column":35}}]},"42":{"loc":{"start":{"line":118,"column":17},"end":{"line":118,"column":23}},"type":"binary-expr","locations":[{"start":{"line":118,"column":17},"end":{"line":118,"column":23}},{"start":{"line":118,"column":17},"end":{"line":118,"column":23}}]},"43":{"loc":{"start":{"line":119,"column":2},"end":{"line":119,"column":45}},"type":"default-arg","locations":[{"start":{"line":119,"column":19},"end":{"line":119,"column":45}}]},"44":{"loc":{"start":{"line":119,"column":19},"end":{"line":119,"column":45}},"type":"binary-expr","locations":[{"start":{"line":119,"column":19},"end":{"line":119,"column":39}},{"start":{"line":119,"column":43},"end":{"line":119,"column":45}}]},"45":{"loc":{"start":{"line":119,"column":19},"end":{"line":119,"column":39}},"type":"cond-expr","locations":[{"start":{"line":119,"column":23},"end":{"line":119,"column":25}},{"start":{"line":119,"column":19},"end":{"line":119,"column":39}}]},"46":{"loc":{"start":{"line":119,"column":19},"end":{"line":119,"column":25}},"type":"binary-expr","locations":[{"start":{"line":119,"column":19},"end":{"line":119,"column":25}},{"start":{"line":119,"column":19},"end":{"line":119,"column":25}}]},"47":{"loc":{"start":{"line":120,"column":2},"end":{"line":120,"column":72}},"type":"default-arg","locations":[{"start":{"line":120,"column":31},"end":{"line":120,"column":72}}]},"48":{"loc":{"start":{"line":120,"column":31},"end":{"line":120,"column":72}},"type":"binary-expr","locations":[{"start":{"line":120,"column":31},"end":{"line":120,"column":63}},{"start":{"line":120,"column":67},"end":{"line":120,"column":72}}]},"49":{"loc":{"start":{"line":120,"column":31},"end":{"line":120,"column":63}},"type":"cond-expr","locations":[{"start":{"line":120,"column":35},"end":{"line":120,"column":37}},{"start":{"line":120,"column":31},"end":{"line":120,"column":63}}]},"50":{"loc":{"start":{"line":120,"column":31},"end":{"line":120,"column":37}},"type":"binary-expr","locations":[{"start":{"line":120,"column":31},"end":{"line":120,"column":37}},{"start":{"line":120,"column":31},"end":{"line":120,"column":37}}]},"51":{"loc":{"start":{"line":121,"column":2},"end":{"line":121,"column":46}},"type":"default-arg","locations":[{"start":{"line":121,"column":18},"end":{"line":121,"column":46}}]},"52":{"loc":{"start":{"line":121,"column":18},"end":{"line":121,"column":46}},"type":"binary-expr","locations":[{"start":{"line":121,"column":18},"end":{"line":121,"column":37}},{"start":{"line":121,"column":41},"end":{"line":121,"column":46}}]},"53":{"loc":{"start":{"line":121,"column":18},"end":{"line":121,"column":37}},"type":"cond-expr","locations":[{"start":{"line":121,"column":22},"end":{"line":121,"column":24}},{"start":{"line":121,"column":18},"end":{"line":121,"column":37}}]},"54":{"loc":{"start":{"line":121,"column":18},"end":{"line":121,"column":24}},"type":"binary-expr","locations":[{"start":{"line":121,"column":18},"end":{"line":121,"column":24}},{"start":{"line":121,"column":18},"end":{"line":121,"column":24}}]},"55":{"loc":{"start":{"line":122,"column":2},"end":{"line":122,"column":38}},"type":"default-arg","locations":[{"start":{"line":122,"column":14},"end":{"line":122,"column":38}}]},"56":{"loc":{"start":{"line":122,"column":14},"end":{"line":122,"column":38}},"type":"binary-expr","locations":[{"start":{"line":122,"column":14},"end":{"line":122,"column":29}},{"start":{"line":122,"column":33},"end":{"line":122,"column":38}}]},"57":{"loc":{"start":{"line":122,"column":14},"end":{"line":122,"column":29}},"type":"cond-expr","locations":[{"start":{"line":122,"column":18},"end":{"line":122,"column":20}},{"start":{"line":122,"column":14},"end":{"line":122,"column":29}}]},"58":{"loc":{"start":{"line":122,"column":14},"end":{"line":122,"column":20}},"type":"binary-expr","locations":[{"start":{"line":122,"column":14},"end":{"line":122,"column":20}},{"start":{"line":122,"column":14},"end":{"line":122,"column":20}}]},"59":{"loc":{"start":{"line":123,"column":2},"end":{"line":123,"column":58}},"type":"default-arg","locations":[{"start":{"line":123,"column":24},"end":{"line":123,"column":58}}]},"60":{"loc":{"start":{"line":123,"column":24},"end":{"line":123,"column":58}},"type":"binary-expr","locations":[{"start":{"line":123,"column":24},"end":{"line":123,"column":49}},{"start":{"line":123,"column":53},"end":{"line":123,"column":58}}]},"61":{"loc":{"start":{"line":123,"column":24},"end":{"line":123,"column":49}},"type":"cond-expr","locations":[{"start":{"line":123,"column":28},"end":{"line":123,"column":30}},{"start":{"line":123,"column":24},"end":{"line":123,"column":49}}]},"62":{"loc":{"start":{"line":123,"column":24},"end":{"line":123,"column":30}},"type":"binary-expr","locations":[{"start":{"line":123,"column":24},"end":{"line":123,"column":30}},{"start":{"line":123,"column":24},"end":{"line":123,"column":30}}]},"63":{"loc":{"start":{"line":124,"column":2},"end":{"line":124,"column":37}},"type":"default-arg","locations":[{"start":{"line":124,"column":18},"end":{"line":124,"column":37}}]},"64":{"loc":{"start":{"line":124,"column":18},"end":{"line":124,"column":37}},"type":"cond-expr","locations":[{"start":{"line":124,"column":22},"end":{"line":124,"column":24}},{"start":{"line":124,"column":18},"end":{"line":124,"column":37}}]},"65":{"loc":{"start":{"line":124,"column":18},"end":{"line":124,"column":24}},"type":"binary-expr","locations":[{"start":{"line":124,"column":18},"end":{"line":124,"column":24}},{"start":{"line":124,"column":18},"end":{"line":124,"column":24}}]},"66":{"loc":{"start":{"line":125,"column":2},"end":{"line":125,"column":null}},"type":"default-arg","locations":[{"start":{"line":125,"column":19},"end":{"line":125,"column":null}}]},"67":{"loc":{"start":{"line":125,"column":19},"end":{"line":125,"column":null}},"type":"cond-expr","locations":[{"start":{"line":125,"column":23},"end":{"line":125,"column":25}},{"start":{"line":125,"column":19},"end":{"line":125,"column":null}}]},"68":{"loc":{"start":{"line":125,"column":19},"end":{"line":125,"column":25}},"type":"binary-expr","locations":[{"start":{"line":125,"column":19},"end":{"line":125,"column":25}},{"start":{"line":125,"column":19},"end":{"line":125,"column":25}}]},"69":{"loc":{"start":{"line":127,"column":2},"end":{"line":131,"column":null}},"type":"if","locations":[{"start":{"line":127,"column":2},"end":{"line":131,"column":null}},{"start":{"line":129,"column":9},"end":{"line":131,"column":null}}]},"70":{"loc":{"start":{"line":127,"column":6},"end":{"line":127,"column":43}},"type":"binary-expr","locations":[{"start":{"line":127,"column":6},"end":{"line":127,"column":25}},{"start":{"line":127,"column":29},"end":{"line":127,"column":43}}]},"71":{"loc":{"start":{"line":129,"column":9},"end":{"line":131,"column":null}},"type":"if","locations":[{"start":{"line":129,"column":9},"end":{"line":131,"column":null}}]},"72":{"loc":{"start":{"line":136,"column":2},"end":{"line":138,"column":null}},"type":"if","locations":[{"start":{"line":136,"column":2},"end":{"line":138,"column":null}}]},"73":{"loc":{"start":{"line":142,"column":30},"end":{"line":142,"column":118}},"type":"cond-expr","locations":[{"start":{"line":142,"column":93},"end":{"line":142,"column":95}},{"start":{"line":142,"column":33},"end":{"line":142,"column":118}}]},"74":{"loc":{"start":{"line":142,"column":30},"end":{"line":142,"column":95}},"type":"binary-expr","locations":[{"start":{"line":142,"column":30},"end":{"line":142,"column":85}},{"start":{"line":142,"column":83},"end":{"line":142,"column":85}},{"start":{"line":142,"column":83},"end":{"line":142,"column":95}},{"start":{"line":142,"column":93},"end":{"line":142,"column":95}}]},"75":{"loc":{"start":{"line":144,"column":30},"end":{"line":144,"column":118}},"type":"cond-expr","locations":[{"start":{"line":144,"column":93},"end":{"line":144,"column":95}},{"start":{"line":144,"column":33},"end":{"line":144,"column":118}}]},"76":{"loc":{"start":{"line":144,"column":30},"end":{"line":144,"column":95}},"type":"binary-expr","locations":[{"start":{"line":144,"column":30},"end":{"line":144,"column":85}},{"start":{"line":144,"column":83},"end":{"line":144,"column":85}},{"start":{"line":144,"column":83},"end":{"line":144,"column":95}},{"start":{"line":144,"column":93},"end":{"line":144,"column":95}}]},"77":{"loc":{"start":{"line":148,"column":2},"end":{"line":156,"column":null}},"type":"if","locations":[{"start":{"line":148,"column":2},"end":{"line":156,"column":null}},{"start":{"line":152,"column":9},"end":{"line":156,"column":null}}]},"78":{"loc":{"start":{"line":149,"column":23},"end":{"line":149,"column":108}},"type":"cond-expr","locations":[{"start":{"line":149,"column":83},"end":{"line":149,"column":85}},{"start":{"line":149,"column":26},"end":{"line":149,"column":108}}]},"79":{"loc":{"start":{"line":149,"column":23},"end":{"line":149,"column":85}},"type":"binary-expr","locations":[{"start":{"line":149,"column":23},"end":{"line":149,"column":75}},{"start":{"line":149,"column":73},"end":{"line":149,"column":75}},{"start":{"line":149,"column":73},"end":{"line":149,"column":85}},{"start":{"line":149,"column":83},"end":{"line":149,"column":85}}]},"80":{"loc":{"start":{"line":151,"column":23},"end":{"line":151,"column":108}},"type":"cond-expr","locations":[{"start":{"line":151,"column":83},"end":{"line":151,"column":85}},{"start":{"line":151,"column":26},"end":{"line":151,"column":108}}]},"81":{"loc":{"start":{"line":151,"column":23},"end":{"line":151,"column":85}},"type":"binary-expr","locations":[{"start":{"line":151,"column":23},"end":{"line":151,"column":75}},{"start":{"line":151,"column":73},"end":{"line":151,"column":75}},{"start":{"line":151,"column":73},"end":{"line":151,"column":85}},{"start":{"line":151,"column":83},"end":{"line":151,"column":85}}]},"82":{"loc":{"start":{"line":153,"column":23},"end":{"line":153,"column":108}},"type":"cond-expr","locations":[{"start":{"line":153,"column":83},"end":{"line":153,"column":85}},{"start":{"line":153,"column":26},"end":{"line":153,"column":108}}]},"83":{"loc":{"start":{"line":153,"column":23},"end":{"line":153,"column":85}},"type":"binary-expr","locations":[{"start":{"line":153,"column":23},"end":{"line":153,"column":75}},{"start":{"line":153,"column":73},"end":{"line":153,"column":75}},{"start":{"line":153,"column":73},"end":{"line":153,"column":85}},{"start":{"line":153,"column":83},"end":{"line":153,"column":85}}]},"84":{"loc":{"start":{"line":155,"column":23},"end":{"line":155,"column":108}},"type":"cond-expr","locations":[{"start":{"line":155,"column":83},"end":{"line":155,"column":85}},{"start":{"line":155,"column":26},"end":{"line":155,"column":108}}]},"85":{"loc":{"start":{"line":155,"column":23},"end":{"line":155,"column":85}},"type":"binary-expr","locations":[{"start":{"line":155,"column":23},"end":{"line":155,"column":75}},{"start":{"line":155,"column":73},"end":{"line":155,"column":75}},{"start":{"line":155,"column":73},"end":{"line":155,"column":85}},{"start":{"line":155,"column":83},"end":{"line":155,"column":85}}]},"86":{"loc":{"start":{"line":158,"column":2},"end":{"line":169,"column":null}},"type":"if","locations":[{"start":{"line":158,"column":2},"end":{"line":169,"column":null}}]},"87":{"loc":{"start":{"line":160,"column":4},"end":{"line":162,"column":null}},"type":"if","locations":[{"start":{"line":160,"column":4},"end":{"line":162,"column":null}}]},"88":{"loc":{"start":{"line":163,"column":75},"end":{"line":163,"column":110}},"type":"binary-expr","locations":[{"start":{"line":163,"column":75},"end":{"line":163,"column":81}},{"start":{"line":163,"column":85},"end":{"line":163,"column":110}}]},"89":{"loc":{"start":{"line":164,"column":4},"end":{"line":168,"column":null}},"type":"if","locations":[{"start":{"line":164,"column":4},"end":{"line":168,"column":null}}]},"90":{"loc":{"start":{"line":171,"column":2},"end":{"line":177,"column":null}},"type":"if","locations":[{"start":{"line":171,"column":2},"end":{"line":177,"column":null}}]},"91":{"loc":{"start":{"line":171,"column":6},"end":{"line":175,"column":40}},"type":"binary-expr","locations":[{"start":{"line":171,"column":6},"end":{"line":171,"column":28}},{"start":{"line":172,"column":5},"end":{"line":172,"column":41}},{"start":{"line":173,"column":6},"end":{"line":173,"column":42}},{"start":{"line":174,"column":6},"end":{"line":174,"column":39}},{"start":{"line":175,"column":6},"end":{"line":175,"column":39}}]},"92":{"loc":{"start":{"line":178,"column":2},"end":{"line":247,"column":null}},"type":"if","locations":[{"start":{"line":178,"column":2},"end":{"line":247,"column":null}},{"start":{"line":204,"column":9},"end":{"line":247,"column":null}}]},"93":{"loc":{"start":{"line":179,"column":4},"end":{"line":203,"column":null}},"type":"if","locations":[{"start":{"line":179,"column":4},"end":{"line":203,"column":null}},{"start":{"line":199,"column":11},"end":{"line":203,"column":null}}]},"94":{"loc":{"start":{"line":179,"column":8},"end":{"line":179,"column":84}},"type":"binary-expr","locations":[{"start":{"line":179,"column":8},"end":{"line":179,"column":38}},{"start":{"line":179,"column":43},"end":{"line":179,"column":61}},{"start":{"line":179,"column":65},"end":{"line":179,"column":83}}]},"95":{"loc":{"start":{"line":181,"column":6},"end":{"line":190,"column":null}},"type":"if","locations":[{"start":{"line":181,"column":6},"end":{"line":190,"column":null}},{"start":{"line":184,"column":13},"end":{"line":190,"column":null}}]},"96":{"loc":{"start":{"line":184,"column":13},"end":{"line":190,"column":null}},"type":"if","locations":[{"start":{"line":184,"column":13},"end":{"line":190,"column":null}},{"start":{"line":187,"column":13},"end":{"line":190,"column":null}}]},"97":{"loc":{"start":{"line":188,"column":26},"end":{"line":188,"column":71}},"type":"binary-expr","locations":[{"start":{"line":188,"column":26},"end":{"line":188,"column":49}},{"start":{"line":188,"column":53},"end":{"line":188,"column":71}}]},"98":{"loc":{"start":{"line":192,"column":6},"end":{"line":198,"column":null}},"type":"if","locations":[{"start":{"line":192,"column":6},"end":{"line":198,"column":null}},{"start":{"line":194,"column":13},"end":{"line":198,"column":null}}]},"99":{"loc":{"start":{"line":194,"column":13},"end":{"line":198,"column":null}},"type":"if","locations":[{"start":{"line":194,"column":13},"end":{"line":198,"column":null}},{"start":{"line":196,"column":13},"end":{"line":198,"column":null}}]},"100":{"loc":{"start":{"line":194,"column":17},"end":{"line":194,"column":98}},"type":"binary-expr","locations":[{"start":{"line":194,"column":17},"end":{"line":194,"column":57}},{"start":{"line":194,"column":61},"end":{"line":194,"column":98}}]},"101":{"loc":{"start":{"line":196,"column":13},"end":{"line":198,"column":null}},"type":"if","locations":[{"start":{"line":196,"column":13},"end":{"line":198,"column":null}}]},"102":{"loc":{"start":{"line":196,"column":17},"end":{"line":196,"column":75}},"type":"binary-expr","locations":[{"start":{"line":196,"column":17},"end":{"line":196,"column":40}},{"start":{"line":196,"column":44},"end":{"line":196,"column":75}}]},"103":{"loc":{"start":{"line":199,"column":11},"end":{"line":203,"column":null}},"type":"if","locations":[{"start":{"line":199,"column":11},"end":{"line":203,"column":null}},{"start":{"line":201,"column":11},"end":{"line":203,"column":null}}]},"104":{"loc":{"start":{"line":199,"column":15},"end":{"line":199,"column":107}},"type":"binary-expr","locations":[{"start":{"line":199,"column":15},"end":{"line":199,"column":45}},{"start":{"line":199,"column":49},"end":{"line":199,"column":72}},{"start":{"line":199,"column":76},"end":{"line":199,"column":107}}]},"105":{"loc":{"start":{"line":201,"column":11},"end":{"line":203,"column":null}},"type":"if","locations":[{"start":{"line":201,"column":11},"end":{"line":203,"column":null}}]},"106":{"loc":{"start":{"line":205,"column":4},"end":{"line":213,"column":null}},"type":"if","locations":[{"start":{"line":205,"column":4},"end":{"line":213,"column":null}}]},"107":{"loc":{"start":{"line":205,"column":8},"end":{"line":205,"column":30}},"type":"cond-expr","locations":[{"start":{"line":205,"column":22},"end":{"line":205,"column":24}},{"start":{"line":205,"column":8},"end":{"line":205,"column":30}}]},"108":{"loc":{"start":{"line":205,"column":8},"end":{"line":205,"column":24}},"type":"binary-expr","locations":[{"start":{"line":205,"column":8},"end":{"line":205,"column":24}},{"start":{"line":205,"column":8},"end":{"line":205,"column":24}}]},"109":{"loc":{"start":{"line":207,"column":29},"end":{"line":207,"column":99}},"type":"cond-expr","locations":[{"start":{"line":207,"column":62},"end":{"line":207,"column":76}},{"start":{"line":207,"column":79},"end":{"line":207,"column":99}}]},"110":{"loc":{"start":{"line":208,"column":8},"end":{"line":211,"column":null}},"type":"if","locations":[{"start":{"line":208,"column":8},"end":{"line":211,"column":null}}]},"111":{"loc":{"start":{"line":218,"column":4},"end":{"line":246,"column":null}},"type":"if","locations":[{"start":{"line":218,"column":4},"end":{"line":246,"column":null}},{"start":{"line":223,"column":11},"end":{"line":246,"column":null}}]},"112":{"loc":{"start":{"line":218,"column":8},"end":{"line":218,"column":59}},"type":"binary-expr","locations":[{"start":{"line":218,"column":8},"end":{"line":218,"column":31}},{"start":{"line":218,"column":35},"end":{"line":218,"column":59}}]},"113":{"loc":{"start":{"line":220,"column":6},"end":{"line":222,"column":null}},"type":"if","locations":[{"start":{"line":220,"column":6},"end":{"line":222,"column":null}}]},"114":{"loc":{"start":{"line":223,"column":11},"end":{"line":246,"column":null}},"type":"if","locations":[{"start":{"line":223,"column":11},"end":{"line":246,"column":null}},{"start":{"line":227,"column":11},"end":{"line":246,"column":null}}]},"115":{"loc":{"start":{"line":223,"column":15},"end":{"line":223,"column":80}},"type":"binary-expr","locations":[{"start":{"line":223,"column":15},"end":{"line":223,"column":38}},{"start":{"line":223,"column":42},"end":{"line":223,"column":80}}]},"116":{"loc":{"start":{"line":227,"column":11},"end":{"line":246,"column":null}},"type":"if","locations":[{"start":{"line":227,"column":11},"end":{"line":246,"column":null}}]},"117":{"loc":{"start":{"line":227,"column":15},"end":{"line":227,"column":85}},"type":"binary-expr","locations":[{"start":{"line":227,"column":15},"end":{"line":227,"column":48}},{"start":{"line":227,"column":52},"end":{"line":227,"column":85}}]},"118":{"loc":{"start":{"line":228,"column":6},"end":{"line":235,"column":null}},"type":"if","locations":[{"start":{"line":228,"column":6},"end":{"line":235,"column":null}}]},"119":{"loc":{"start":{"line":229,"column":22},"end":{"line":229,"column":46}},"type":"binary-expr","locations":[{"start":{"line":229,"column":22},"end":{"line":229,"column":33}},{"start":{"line":229,"column":37},"end":{"line":229,"column":46}}]},"120":{"loc":{"start":{"line":231,"column":8},"end":{"line":234,"column":null}},"type":"if","locations":[{"start":{"line":231,"column":8},"end":{"line":234,"column":null}}]},"121":{"loc":{"start":{"line":231,"column":13},"end":{"line":232,"column":64}},"type":"binary-expr","locations":[{"start":{"line":231,"column":13},"end":{"line":231,"column":39}},{"start":{"line":231,"column":43},"end":{"line":231,"column":69}},{"start":{"line":232,"column":11},"end":{"line":232,"column":38}},{"start":{"line":232,"column":42},"end":{"line":232,"column":64}}]},"122":{"loc":{"start":{"line":237,"column":6},"end":{"line":239,"column":null}},"type":"if","locations":[{"start":{"line":237,"column":6},"end":{"line":239,"column":null}}]},"123":{"loc":{"start":{"line":242,"column":8},"end":{"line":244,"column":null}},"type":"if","locations":[{"start":{"line":242,"column":8},"end":{"line":244,"column":null}}]},"124":{"loc":{"start":{"line":249,"column":2},"end":{"line":251,"column":null}},"type":"if","locations":[{"start":{"line":249,"column":2},"end":{"line":251,"column":null}}]},"125":{"loc":{"start":{"line":249,"column":6},"end":{"line":249,"column":63}},"type":"binary-expr","locations":[{"start":{"line":249,"column":6},"end":{"line":249,"column":35}},{"start":{"line":249,"column":39},"end":{"line":249,"column":63}}]},"126":{"loc":{"start":{"line":252,"column":2},"end":{"line":259,"column":null}},"type":"if","locations":[{"start":{"line":252,"column":2},"end":{"line":259,"column":null}}]},"127":{"loc":{"start":{"line":252,"column":6},"end":{"line":252,"column":26}},"type":"cond-expr","locations":[{"start":{"line":252,"column":18},"end":{"line":252,"column":20}},{"start":{"line":252,"column":6},"end":{"line":252,"column":26}}]},"128":{"loc":{"start":{"line":252,"column":6},"end":{"line":252,"column":20}},"type":"binary-expr","locations":[{"start":{"line":252,"column":6},"end":{"line":252,"column":20}},{"start":{"line":252,"column":18},"end":{"line":252,"column":20}}]},"129":{"loc":{"start":{"line":253,"column":19},"end":{"line":253,"column":91}},"type":"cond-expr","locations":[{"start":{"line":253,"column":54},"end":{"line":253,"column":76}},{"start":{"line":253,"column":79},"end":{"line":253,"column":91}}]},"130":{"loc":{"start":{"line":255,"column":6},"end":{"line":257,"column":null}},"type":"if","locations":[{"start":{"line":255,"column":6},"end":{"line":257,"column":null}}]},"131":{"loc":{"start":{"line":256,"column":51},"end":{"line":256,"column":85}},"type":"cond-expr","locations":[{"start":{"line":256,"column":69},"end":{"line":256,"column":80}},{"start":{"line":256,"column":83},"end":{"line":256,"column":85}}]},"132":{"loc":{"start":{"line":260,"column":2},"end":{"line":287,"column":null}},"type":"if","locations":[{"start":{"line":260,"column":2},"end":{"line":287,"column":null}}]},"133":{"loc":{"start":{"line":260,"column":6},"end":{"line":260,"column":65}},"type":"binary-expr","locations":[{"start":{"line":260,"column":6},"end":{"line":260,"column":41}},{"start":{"line":260,"column":45},"end":{"line":260,"column":65}}]},"134":{"loc":{"start":{"line":261,"column":4},"end":{"line":280,"column":null}},"type":"if","locations":[{"start":{"line":261,"column":4},"end":{"line":280,"column":null}},{"start":{"line":271,"column":11},"end":{"line":280,"column":null}}]},"135":{"loc":{"start":{"line":263,"column":6},"end":{"line":269,"column":null}},"type":"if","locations":[{"start":{"line":263,"column":6},"end":{"line":269,"column":null}},{"start":{"line":265,"column":13},"end":{"line":269,"column":null}}]},"136":{"loc":{"start":{"line":265,"column":13},"end":{"line":269,"column":null}},"type":"if","locations":[{"start":{"line":265,"column":13},"end":{"line":269,"column":null}}]},"137":{"loc":{"start":{"line":271,"column":11},"end":{"line":280,"column":null}},"type":"if","locations":[{"start":{"line":271,"column":11},"end":{"line":280,"column":null}}]},"138":{"loc":{"start":{"line":273,"column":6},"end":{"line":279,"column":null}},"type":"if","locations":[{"start":{"line":273,"column":6},"end":{"line":279,"column":null}},{"start":{"line":275,"column":13},"end":{"line":279,"column":null}}]},"139":{"loc":{"start":{"line":275,"column":13},"end":{"line":279,"column":null}},"type":"if","locations":[{"start":{"line":275,"column":13},"end":{"line":279,"column":null}}]},"140":{"loc":{"start":{"line":281,"column":4},"end":{"line":283,"column":null}},"type":"if","locations":[{"start":{"line":281,"column":4},"end":{"line":283,"column":null}}]},"141":{"loc":{"start":{"line":281,"column":8},"end":{"line":281,"column":75}},"type":"binary-expr","locations":[{"start":{"line":281,"column":8},"end":{"line":281,"column":26}},{"start":{"line":281,"column":30},"end":{"line":281,"column":50}},{"start":{"line":281,"column":54},"end":{"line":281,"column":75}}]},"142":{"loc":{"start":{"line":284,"column":4},"end":{"line":286,"column":null}},"type":"if","locations":[{"start":{"line":284,"column":4},"end":{"line":286,"column":null}}]},"143":{"loc":{"start":{"line":284,"column":8},"end":{"line":284,"column":102}},"type":"binary-expr","locations":[{"start":{"line":284,"column":8},"end":{"line":284,"column":36}},{"start":{"line":284,"column":40},"end":{"line":284,"column":60}},{"start":{"line":284,"column":65},"end":{"line":284,"column":102}}]},"144":{"loc":{"start":{"line":291,"column":29},"end":{"line":291,"column":64}},"type":"binary-expr","locations":[{"start":{"line":291,"column":29},"end":{"line":291,"column":35}},{"start":{"line":291,"column":39},"end":{"line":291,"column":64}}]},"145":{"loc":{"start":{"line":302,"column":2},"end":{"line":312,"column":null}},"type":"if","locations":[{"start":{"line":302,"column":2},"end":{"line":312,"column":null}}]},"146":{"loc":{"start":{"line":304,"column":4},"end":{"line":311,"column":null}},"type":"if","locations":[{"start":{"line":304,"column":4},"end":{"line":311,"column":null}}]},"147":{"loc":{"start":{"line":306,"column":6},"end":{"line":310,"column":null}},"type":"if","locations":[{"start":{"line":306,"column":6},"end":{"line":310,"column":null}},{"start":{"line":308,"column":13},"end":{"line":310,"column":null}}]},"148":{"loc":{"start":{"line":313,"column":2},"end":{"line":315,"column":null}},"type":"if","locations":[{"start":{"line":313,"column":2},"end":{"line":315,"column":null}}]},"149":{"loc":{"start":{"line":314,"column":13},"end":{"line":314,"column":45}},"type":"binary-expr","locations":[{"start":{"line":314,"column":13},"end":{"line":314,"column":35}},{"start":{"line":314,"column":39},"end":{"line":314,"column":45}}]}},"s":{"0":1,"1":1,"2":1,"3":2,"4":1,"5":155,"6":4,"7":151,"8":2,"9":149,"10":149,"11":149,"12":10,"13":139,"14":139,"15":139,"16":139,"17":139,"18":139,"19":108,"20":108,"21":108,"22":31,"23":31,"24":31,"25":139,"26":137,"27":137,"28":2,"29":137,"30":137,"31":2,"32":139,"33":10,"34":139,"35":31,"36":23,"37":10,"38":10,"39":10,"40":13,"41":7,"42":7,"43":7,"44":6,"45":6,"46":6,"47":23,"48":7,"49":16,"50":2,"51":14,"52":4,"53":8,"54":2,"55":6,"56":2,"57":108,"58":8,"59":8,"60":8,"61":6,"62":6,"63":108,"64":108,"65":108,"66":5,"67":5,"68":3,"69":103,"70":4,"71":99,"72":93,"73":87,"74":87,"75":4,"76":93,"77":2,"78":93,"79":93,"80":188,"81":4,"82":139,"83":7,"84":139,"85":6,"86":6,"87":10,"88":10,"89":139,"90":106,"91":7,"92":2,"93":5,"94":2,"95":99,"96":4,"97":2,"98":2,"99":2,"100":106,"101":2,"102":106,"103":2,"104":139,"105":139,"106":8,"107":8,"108":4,"109":4,"110":2,"111":2,"112":139,"113":6,"114":139,"115":1},"f":{"0":1,"1":155,"2":10,"3":7,"4":6},"b":{"0":[1],"1":[0,0],"2":[1,1,1],"3":[108],"4":[151],"5":[151,149],"6":[77,74],"7":[151,151],"8":[151],"9":[151,147],"10":[77,74],"11":[151,151],"12":[152],"13":[152,149],"14":[78,74],"15":[152,152],"16":[146],"17":[146,139],"18":[72,74],"19":[146,146],"20":[148],"21":[148,142],"22":[74,74],"23":[148,148],"24":[153],"25":[153,151],"26":[79,74],"27":[153,153],"28":[151],"29":[151,149],"30":[77,74],"31":[151,151],"32":[153],"33":[79,74],"34":[153,153],"35":[152],"36":[152,149],"37":[78,74],"38":[152,152],"39":[151],"40":[151,148],"41":[77,74],"42":[151,151],"43":[150],"44":[150,146],"45":[76,74],"46":[150,150],"47":[154],"48":[154,153],"49":[80,74],"50":[154,154],"51":[154],"52":[154,153],"53":[80,74],"54":[154,154],"55":[154],"56":[154,153],"57":[80,74],"58":[154,154],"59":[154],"60":[154,153],"61":[80,74],"62":[154,154],"63":[151],"64":[77,74],"65":[151,151],"66":[152],"67":[78,74],"68":[152,152],"69":[4,151],"70":[155,153],"71":[2],"72":[10],"73":[131,8],"74":[139,139,139,139],"75":[131,8],"76":[139,139,139,139],"77":[108,31],"78":[103,5],"79":[108,108,108,108],"80":[103,5],"81":[108,108,108,108],"82":[28,3],"83":[31,31,31,31],"84":[26,5],"85":[31,31,31,31],"86":[137],"87":[2],"88":[137,31],"89":[2],"90":[10],"91":[139,133,131,129,127],"92":[31,108],"93":[23,8],"94":[31,25,9],"95":[10,13],"96":[7,6],"97":[6,4],"98":[7,16],"99":[2,14],"100":[16,9],"101":[4],"102":[14,14],"103":[2,6],"104":[8,6,6],"105":[2],"106":[8],"107":[1,107],"108":[108,107],"109":[0,8],"110":[6],"111":[5,103],"112":[108,100],"113":[3],"114":[4,99],"115":[103,99],"116":[93],"117":[99,95],"118":[87],"119":[87,83],"120":[4],"121":[87,2,87,85],"122":[2],"123":[4],"124":[7],"125":[139,133],"126":[6],"127":[1,138],"128":[139,138],"129":[2,4],"130":[10],"131":[2,8],"132":[106],"133":[139,137],"134":[7,99],"135":[2,5],"136":[2],"137":[4],"138":[2,2],"139":[2],"140":[2],"141":[106,2,2],"142":[2],"143":[106,2,2],"144":[139,31],"145":[8],"146":[4],"147":[2,2],"148":[6],"149":[6,4]}}
}
