{"/Users/zane/playground/true-email-validator/src/lib/get-latest-tlds.mjs": {"path":"/Users/zane/playground/true-email-validator/src/lib/get-latest-tlds.mjs","statementMap":{"0":{"start":{"line":1,"column":0},"end":{"line":1,"column":null}},"1":{"start":{"line":2,"column":0},"end":{"line":2,"column":null}},"2":{"start":{"line":12,"column":22},"end":{"line":33,"column":1}},"3":{"start":{"line":13,"column":22},"end":{"line":13,"column":74}},"4":{"start":{"line":15,"column":19},"end":{"line":15,"column":43}},"5":{"start":{"line":16,"column":2},"end":{"line":18,"column":null}},"6":{"start":{"line":17,"column":4},"end":{"line":17,"column":null}},"7":{"start":{"line":19,"column":18},"end":{"line":19,"column":39}},"8":{"start":{"line":21,"column":20},"end":{"line":21,"column":22}},"9":{"start":{"line":22,"column":2},"end":{"line":30,"column":null}},"10":{"start":{"line":22,"column":53},"end":{"line":22,"column":70}},"11":{"start":{"line":23,"column":4},"end":{"line":29,"column":null}},"12":{"start":{"line":24,"column":6},"end":{"line":27,"column":null}},"13":{"start":{"line":25,"column":24},"end":{"line":25,"column":45}},"14":{"start":{"line":26,"column":8},"end":{"line":26,"column":null}},"15":{"start":{"line":28,"column":6},"end":{"line":28,"column":null}},"16":{"start":{"line":32,"column":2},"end":{"line":32,"column":null}},"17":{"start":{"line":33,"column":1},"end":{"line":33,"column":null}}},"fnMap":{"0":{"name":"(anonymous_0)","decl":{"start":{"line":12,"column":22},"end":{"line":12,"column":34}},"loc":{"start":{"line":12,"column":34},"end":{"line":33,"column":1}}},"1":{"name":"(anonymous_1)","decl":{"start":{"line":22,"column":45},"end":{"line":22,"column":48}},"loc":{"start":{"line":22,"column":53},"end":{"line":22,"column":70}}}},"branchMap":{"0":{"loc":{"start":{"line":16,"column":2},"end":{"line":18,"column":null}},"type":"if","locations":[{"start":{"line":16,"column":2},"end":{"line":18,"column":null}}]},"1":{"loc":{"start":{"line":23,"column":4},"end":{"line":29,"column":null}},"type":"if","locations":[{"start":{"line":23,"column":4},"end":{"line":29,"column":null}}]},"2":{"loc":{"start":{"line":23,"column":8},"end":{"line":23,"column":54}},"type":"binary-expr","locations":[{"start":{"line":23,"column":8},"end":{"line":23,"column":22}},{"start":{"line":23,"column":26},"end":{"line":23,"column":54}}]},"3":{"loc":{"start":{"line":24,"column":6},"end":{"line":27,"column":null}},"type":"if","locations":[{"start":{"line":24,"column":6},"end":{"line":27,"column":null}}]}},"s":{"0":1,"1":1,"2":1,"3":4,"4":4,"5":4,"6":1,"7":3,"8":3,"9":3,"10":8,"11":8,"12":5,"13":1,"14":1,"15":5,"16":3,"17":1},"f":{"0":4,"1":8},"b":{"0":[1],"1":[5],"2":[8,6],"3":[1]}}
,"/Users/zane/playground/true-email-validator/src/lib/valid-tlds.mjs": {"path":"/Users/zane/playground/true-email-validator/src/lib/valid-tlds.mjs","statementMap":{"0":{"start":{"line":2,"column":15},"end":{"line":1600,"column":1}}},"fnMap":{},"branchMap":{},"s":{"0":1},"f":{},"b":{}}
,"/Users/zane/playground/true-email-validator/src/lib/validate-email.mjs": {"path":"/Users/zane/playground/true-email-validator/src/lib/validate-email.mjs","statementMap":{"0":{"start":{"line":1,"column":0},"end":{"line":1,"column":null}},"1":{"start":{"line":3,"column":0},"end":{"line":3,"column":null}},"2":{"start":{"line":4,"column":0},"end":{"line":4,"column":null}},"3":{"start":{"line":5,"column":0},"end":{"line":5,"column":40}},"4":{"start":{"line":5,"column":40},"end":{"line":5,"column":null}},"5":{"start":{"line":121,"column":22},"end":{"line":345,"column":1}},"6":{"start":{"line":141,"column":2},"end":{"line":145,"column":null}},"7":{"start":{"line":142,"column":4},"end":{"line":142,"column":null}},"8":{"start":{"line":143,"column":9},"end":{"line":145,"column":null}},"9":{"start":{"line":144,"column":4},"end":{"line":144,"column":null}},"10":{"start":{"line":147,"column":17},"end":{"line":147,"column":19}},"11":{"start":{"line":149,"column":22},"end":{"line":149,"column":53}},"12":{"start":{"line":150,"column":40},"end":{"line":150,"column":51}},"13":{"start":{"line":151,"column":2},"end":{"line":158,"column":null}},"14":{"start":{"line":152,"column":4},"end":{"line":152,"column":null}},"15":{"start":{"line":153,"column":9},"end":{"line":158,"column":null}},"16":{"start":{"line":154,"column":4},"end":{"line":157,"column":null}},"17":{"start":{"line":161,"column":25},"end":{"line":161,"column":51}},"18":{"start":{"line":162,"column":30},"end":{"line":162,"column":118}},"19":{"start":{"line":163,"column":19},"end":{"line":163,"column":48}},"20":{"start":{"line":164,"column":30},"end":{"line":164,"column":118}},"21":{"start":{"line":166,"column":22},"end":{"line":166,"column":48}},"22":{"start":{"line":168,"column":2},"end":{"line":176,"column":null}},"23":{"start":{"line":169,"column":4},"end":{"line":169,"column":null}},"24":{"start":{"line":170,"column":4},"end":{"line":170,"column":null}},"25":{"start":{"line":171,"column":4},"end":{"line":171,"column":null}},"26":{"start":{"line":173,"column":4},"end":{"line":173,"column":null}},"27":{"start":{"line":174,"column":4},"end":{"line":174,"column":null}},"28":{"start":{"line":175,"column":4},"end":{"line":175,"column":null}},"29":{"start":{"line":178,"column":2},"end":{"line":189,"column":null}},"30":{"start":{"line":179,"column":32},"end":{"line":179,"column":74}},"31":{"start":{"line":180,"column":4},"end":{"line":182,"column":null}},"32":{"start":{"line":181,"column":6},"end":{"line":181,"column":null}},"33":{"start":{"line":183,"column":31},"end":{"line":183,"column":119}},"34":{"start":{"line":184,"column":4},"end":{"line":188,"column":null}},"35":{"start":{"line":187,"column":6},"end":{"line":187,"column":null}},"36":{"start":{"line":191,"column":2},"end":{"line":197,"column":null}},"37":{"start":{"line":196,"column":4},"end":{"line":196,"column":null}},"38":{"start":{"line":198,"column":2},"end":{"line":267,"column":null}},"39":{"start":{"line":199,"column":4},"end":{"line":223,"column":null}},"40":{"start":{"line":201,"column":6},"end":{"line":210,"column":null}},"41":{"start":{"line":202,"column":8},"end":{"line":202,"column":null}},"42":{"start":{"line":202,"column":26},"end":{"line":202,"column":49}},"43":{"start":{"line":203,"column":8},"end":{"line":203,"column":null}},"44":{"start":{"line":204,"column":13},"end":{"line":210,"column":null}},"45":{"start":{"line":205,"column":8},"end":{"line":205,"column":null}},"46":{"start":{"line":205,"column":26},"end":{"line":205,"column":44}},"47":{"start":{"line":206,"column":8},"end":{"line":206,"column":null}},"48":{"start":{"line":208,"column":8},"end":{"line":208,"column":null}},"49":{"start":{"line":208,"column":26},"end":{"line":208,"column":71}},"50":{"start":{"line":209,"column":8},"end":{"line":209,"column":null}},"51":{"start":{"line":212,"column":6},"end":{"line":218,"column":null}},"52":{"start":{"line":213,"column":8},"end":{"line":213,"column":null}},"53":{"start":{"line":214,"column":13},"end":{"line":218,"column":null}},"54":{"start":{"line":215,"column":8},"end":{"line":215,"column":null}},"55":{"start":{"line":216,"column":13},"end":{"line":218,"column":null}},"56":{"start":{"line":217,"column":8},"end":{"line":217,"column":null}},"57":{"start":{"line":219,"column":11},"end":{"line":223,"column":null}},"58":{"start":{"line":220,"column":6},"end":{"line":220,"column":null}},"59":{"start":{"line":221,"column":11},"end":{"line":223,"column":null}},"60":{"start":{"line":222,"column":6},"end":{"line":222,"column":null}},"61":{"start":{"line":225,"column":4},"end":{"line":233,"column":null}},"62":{"start":{"line":226,"column":6},"end":{"line":232,"column":null}},"63":{"start":{"line":227,"column":29},"end":{"line":227,"column":99}},"64":{"start":{"line":228,"column":8},"end":{"line":231,"column":null}},"65":{"start":{"line":229,"column":10},"end":{"line":229,"column":null}},"66":{"start":{"line":230,"column":10},"end":{"line":230,"column":null}},"67":{"start":{"line":235,"column":23},"end":{"line":235,"column":40}},"68":{"start":{"line":236,"column":16},"end":{"line":236,"column":63}},"69":{"start":{"line":238,"column":4},"end":{"line":266,"column":null}},"70":{"start":{"line":239,"column":6},"end":{"line":239,"column":null}},"71":{"start":{"line":240,"column":6},"end":{"line":242,"column":null}},"72":{"start":{"line":241,"column":8},"end":{"line":241,"column":null}},"73":{"start":{"line":243,"column":11},"end":{"line":266,"column":null}},"74":{"start":{"line":246,"column":6},"end":{"line":246,"column":null}},"75":{"start":{"line":247,"column":11},"end":{"line":266,"column":null}},"76":{"start":{"line":248,"column":6},"end":{"line":255,"column":null}},"77":{"start":{"line":249,"column":8},"end":{"line":249,"column":null}},"78":{"start":{"line":251,"column":8},"end":{"line":254,"column":null}},"79":{"start":{"line":253,"column":10},"end":{"line":253,"column":null}},"80":{"start":{"line":257,"column":6},"end":{"line":259,"column":null}},"81":{"start":{"line":258,"column":8},"end":{"line":258,"column":null}},"82":{"start":{"line":260,"column":25},"end":{"line":260,"column":35}},"83":{"start":{"line":261,"column":6},"end":{"line":265,"column":null}},"84":{"start":{"line":262,"column":8},"end":{"line":264,"column":null}},"85":{"start":{"line":263,"column":10},"end":{"line":263,"column":null}},"86":{"start":{"line":269,"column":2},"end":{"line":271,"column":null}},"87":{"start":{"line":270,"column":4},"end":{"line":270,"column":null}},"88":{"start":{"line":272,"column":2},"end":{"line":282,"column":null}},"89":{"start":{"line":273,"column":4},"end":{"line":273,"column":null}},"90":{"start":{"line":274,"column":4},"end":{"line":276,"column":null}},"91":{"start":{"line":275,"column":6},"end":{"line":275,"column":null}},"92":{"start":{"line":277,"column":4},"end":{"line":281,"column":null}},"93":{"start":{"line":278,"column":6},"end":{"line":280,"column":null}},"94":{"start":{"line":279,"column":8},"end":{"line":279,"column":null}},"95":{"start":{"line":283,"column":2},"end":{"line":310,"column":null}},"96":{"start":{"line":284,"column":4},"end":{"line":303,"column":null}},"97":{"start":{"line":286,"column":6},"end":{"line":292,"column":null}},"98":{"start":{"line":287,"column":8},"end":{"line":287,"column":null}},"99":{"start":{"line":288,"column":13},"end":{"line":292,"column":null}},"100":{"start":{"line":291,"column":8},"end":{"line":291,"column":null}},"101":{"start":{"line":294,"column":11},"end":{"line":303,"column":null}},"102":{"start":{"line":296,"column":6},"end":{"line":302,"column":null}},"103":{"start":{"line":297,"column":8},"end":{"line":297,"column":null}},"104":{"start":{"line":298,"column":13},"end":{"line":302,"column":null}},"105":{"start":{"line":301,"column":8},"end":{"line":301,"column":null}},"106":{"start":{"line":304,"column":4},"end":{"line":306,"column":null}},"107":{"start":{"line":305,"column":6},"end":{"line":305,"column":null}},"108":{"start":{"line":307,"column":4},"end":{"line":309,"column":null}},"109":{"start":{"line":308,"column":6},"end":{"line":308,"column":null}},"110":{"start":{"line":312,"column":15},"end":{"line":323,"column":3}},"111":{"start":{"line":325,"column":2},"end":{"line":328,"column":null}},"112":{"start":{"line":326,"column":29},"end":{"line":326,"column":49}},"113":{"start":{"line":327,"column":4},"end":{"line":327,"column":null}},"114":{"start":{"line":329,"column":2},"end":{"line":342,"column":null}},"115":{"start":{"line":330,"column":29},"end":{"line":330,"column":51}},"116":{"start":{"line":331,"column":4},"end":{"line":341,"column":5}},"117":{"start":{"line":338,"column":6},"end":{"line":338,"column":null}},"118":{"start":{"line":339,"column":11},"end":{"line":341,"column":5}},"119":{"start":{"line":340,"column":6},"end":{"line":340,"column":null}},"120":{"start":{"line":344,"column":2},"end":{"line":344,"column":null}},"121":{"start":{"line":345,"column":1},"end":{"line":345,"column":null}}},"fnMap":{"0":{"name":"_getRequireWildcardCache","decl":{"start":{"line":5,"column":40},"end":{"line":5,"column":null}},"loc":{"start":{"line":5,"column":40},"end":{"line":5,"column":null}}},"1":{"name":"(anonymous_3)","decl":{"start":{"line":121,"column":22},"end":{"line":121,"column":32}},"loc":{"start":{"line":140,"column":8},"end":{"line":345,"column":1}}},"2":{"name":"(anonymous_4)","decl":{"start":{"line":202,"column":16},"end":{"line":202,"column":21}},"loc":{"start":{"line":202,"column":26},"end":{"line":202,"column":49}}},"3":{"name":"(anonymous_5)","decl":{"start":{"line":205,"column":16},"end":{"line":205,"column":21}},"loc":{"start":{"line":205,"column":26},"end":{"line":205,"column":44}}},"4":{"name":"(anonymous_6)","decl":{"start":{"line":208,"column":16},"end":{"line":208,"column":21}},"loc":{"start":{"line":208,"column":26},"end":{"line":208,"column":71}}}},"branchMap":{"0":{"loc":{"start":{"line":5,"column":40},"end":{"line":5,"column":null}},"type":"if","locations":[{"start":{"line":5,"column":40},"end":{"line":5,"column":null}}]},"1":{"loc":{"start":{"line":5,"column":40},"end":{"line":5,"column":null}},"type":"cond-expr","locations":[{"start":{"line":5,"column":40},"end":{"line":5,"column":null}},{"start":{"line":5,"column":40},"end":{"line":5,"column":null}}]},"2":{"loc":{"start":{"line":5,"column":40},"end":{"line":5,"column":null}},"type":"binary-expr","locations":[{"start":{"line":5,"column":40},"end":{"line":5,"column":null}},{"start":{"line":5,"column":40},"end":{"line":5,"column":null}},{"start":{"line":5,"column":40},"end":{"line":5,"column":null}}]},"3":{"loc":{"start":{"line":121,"column":39},"end":{"line":140,"column":6}},"type":"default-arg","locations":[{"start":{"line":140,"column":4},"end":{"line":140,"column":6}}]},"4":{"loc":{"start":{"line":122,"column":2},"end":{"line":122,"column":46}},"type":"default-arg","locations":[{"start":{"line":122,"column":18},"end":{"line":122,"column":46}}]},"5":{"loc":{"start":{"line":122,"column":18},"end":{"line":122,"column":46}},"type":"binary-expr","locations":[{"start":{"line":122,"column":18},"end":{"line":122,"column":37}},{"start":{"line":122,"column":41},"end":{"line":122,"column":46}}]},"6":{"loc":{"start":{"line":122,"column":18},"end":{"line":122,"column":37}},"type":"cond-expr","locations":[{"start":{"line":122,"column":22},"end":{"line":122,"column":24}},{"start":{"line":122,"column":18},"end":{"line":122,"column":37}}]},"7":{"loc":{"start":{"line":122,"column":18},"end":{"line":122,"column":24}},"type":"binary-expr","locations":[{"start":{"line":122,"column":18},"end":{"line":122,"column":24}},{"start":{"line":122,"column":18},"end":{"line":122,"column":24}}]},"8":{"loc":{"start":{"line":123,"column":2},"end":{"line":123,"column":48}},"type":"default-arg","locations":[{"start":{"line":123,"column":19},"end":{"line":123,"column":48}}]},"9":{"loc":{"start":{"line":123,"column":19},"end":{"line":123,"column":48}},"type":"binary-expr","locations":[{"start":{"line":123,"column":19},"end":{"line":123,"column":39}},{"start":{"line":123,"column":43},"end":{"line":123,"column":48}}]},"10":{"loc":{"start":{"line":123,"column":19},"end":{"line":123,"column":39}},"type":"cond-expr","locations":[{"start":{"line":123,"column":23},"end":{"line":123,"column":25}},{"start":{"line":123,"column":19},"end":{"line":123,"column":39}}]},"11":{"loc":{"start":{"line":123,"column":19},"end":{"line":123,"column":25}},"type":"binary-expr","locations":[{"start":{"line":123,"column":19},"end":{"line":123,"column":25}},{"start":{"line":123,"column":19},"end":{"line":123,"column":25}}]},"12":{"loc":{"start":{"line":124,"column":2},"end":{"line":124,"column":62}},"type":"default-arg","locations":[{"start":{"line":124,"column":26},"end":{"line":124,"column":62}}]},"13":{"loc":{"start":{"line":124,"column":26},"end":{"line":124,"column":62}},"type":"binary-expr","locations":[{"start":{"line":124,"column":26},"end":{"line":124,"column":53}},{"start":{"line":124,"column":57},"end":{"line":124,"column":62}}]},"14":{"loc":{"start":{"line":124,"column":26},"end":{"line":124,"column":53}},"type":"cond-expr","locations":[{"start":{"line":124,"column":30},"end":{"line":124,"column":32}},{"start":{"line":124,"column":26},"end":{"line":124,"column":53}}]},"15":{"loc":{"start":{"line":124,"column":26},"end":{"line":124,"column":32}},"type":"binary-expr","locations":[{"start":{"line":124,"column":26},"end":{"line":124,"column":32}},{"start":{"line":124,"column":26},"end":{"line":124,"column":32}}]},"16":{"loc":{"start":{"line":125,"column":2},"end":{"line":125,"column":38}},"type":"default-arg","locations":[{"start":{"line":125,"column":14},"end":{"line":125,"column":38}}]},"17":{"loc":{"start":{"line":125,"column":14},"end":{"line":125,"column":38}},"type":"binary-expr","locations":[{"start":{"line":125,"column":14},"end":{"line":125,"column":29}},{"start":{"line":125,"column":33},"end":{"line":125,"column":38}}]},"18":{"loc":{"start":{"line":125,"column":14},"end":{"line":125,"column":29}},"type":"cond-expr","locations":[{"start":{"line":125,"column":18},"end":{"line":125,"column":20}},{"start":{"line":125,"column":14},"end":{"line":125,"column":29}}]},"19":{"loc":{"start":{"line":125,"column":14},"end":{"line":125,"column":20}},"type":"binary-expr","locations":[{"start":{"line":125,"column":14},"end":{"line":125,"column":20}},{"start":{"line":125,"column":14},"end":{"line":125,"column":20}}]},"20":{"loc":{"start":{"line":126,"column":2},"end":{"line":126,"column":38}},"type":"default-arg","locations":[{"start":{"line":126,"column":14},"end":{"line":126,"column":38}}]},"21":{"loc":{"start":{"line":126,"column":14},"end":{"line":126,"column":38}},"type":"binary-expr","locations":[{"start":{"line":126,"column":14},"end":{"line":126,"column":29}},{"start":{"line":126,"column":33},"end":{"line":126,"column":38}}]},"22":{"loc":{"start":{"line":126,"column":14},"end":{"line":126,"column":29}},"type":"cond-expr","locations":[{"start":{"line":126,"column":18},"end":{"line":126,"column":20}},{"start":{"line":126,"column":14},"end":{"line":126,"column":29}}]},"23":{"loc":{"start":{"line":126,"column":14},"end":{"line":126,"column":20}},"type":"binary-expr","locations":[{"start":{"line":126,"column":14},"end":{"line":126,"column":20}},{"start":{"line":126,"column":14},"end":{"line":126,"column":20}}]},"24":{"loc":{"start":{"line":127,"column":2},"end":{"line":127,"column":48}},"type":"default-arg","locations":[{"start":{"line":127,"column":19},"end":{"line":127,"column":48}}]},"25":{"loc":{"start":{"line":127,"column":19},"end":{"line":127,"column":48}},"type":"binary-expr","locations":[{"start":{"line":127,"column":19},"end":{"line":127,"column":39}},{"start":{"line":127,"column":43},"end":{"line":127,"column":48}}]},"26":{"loc":{"start":{"line":127,"column":19},"end":{"line":127,"column":39}},"type":"cond-expr","locations":[{"start":{"line":127,"column":23},"end":{"line":127,"column":25}},{"start":{"line":127,"column":19},"end":{"line":127,"column":39}}]},"27":{"loc":{"start":{"line":127,"column":19},"end":{"line":127,"column":25}},"type":"binary-expr","locations":[{"start":{"line":127,"column":19},"end":{"line":127,"column":25}},{"start":{"line":127,"column":19},"end":{"line":127,"column":25}}]},"28":{"loc":{"start":{"line":128,"column":2},"end":{"line":128,"column":60}},"type":"default-arg","locations":[{"start":{"line":128,"column":25},"end":{"line":128,"column":60}}]},"29":{"loc":{"start":{"line":128,"column":25},"end":{"line":128,"column":60}},"type":"binary-expr","locations":[{"start":{"line":128,"column":25},"end":{"line":128,"column":51}},{"start":{"line":128,"column":55},"end":{"line":128,"column":60}}]},"30":{"loc":{"start":{"line":128,"column":25},"end":{"line":128,"column":51}},"type":"cond-expr","locations":[{"start":{"line":128,"column":29},"end":{"line":128,"column":31}},{"start":{"line":128,"column":25},"end":{"line":128,"column":51}}]},"31":{"loc":{"start":{"line":128,"column":25},"end":{"line":128,"column":31}},"type":"binary-expr","locations":[{"start":{"line":128,"column":25},"end":{"line":128,"column":31}},{"start":{"line":128,"column":25},"end":{"line":128,"column":31}}]},"32":{"loc":{"start":{"line":129,"column":2},"end":{"line":129,"column":33}},"type":"default-arg","locations":[{"start":{"line":129,"column":16},"end":{"line":129,"column":33}}]},"33":{"loc":{"start":{"line":129,"column":16},"end":{"line":129,"column":33}},"type":"cond-expr","locations":[{"start":{"line":129,"column":20},"end":{"line":129,"column":22}},{"start":{"line":129,"column":16},"end":{"line":129,"column":33}}]},"34":{"loc":{"start":{"line":129,"column":16},"end":{"line":129,"column":22}},"type":"binary-expr","locations":[{"start":{"line":129,"column":16},"end":{"line":129,"column":22}},{"start":{"line":129,"column":16},"end":{"line":129,"column":22}}]},"35":{"loc":{"start":{"line":130,"column":2},"end":{"line":130,"column":46}},"type":"default-arg","locations":[{"start":{"line":130,"column":18},"end":{"line":130,"column":46}}]},"36":{"loc":{"start":{"line":130,"column":18},"end":{"line":130,"column":46}},"type":"binary-expr","locations":[{"start":{"line":130,"column":18},"end":{"line":130,"column":37}},{"start":{"line":130,"column":41},"end":{"line":130,"column":46}}]},"37":{"loc":{"start":{"line":130,"column":18},"end":{"line":130,"column":37}},"type":"cond-expr","locations":[{"start":{"line":130,"column":22},"end":{"line":130,"column":24}},{"start":{"line":130,"column":18},"end":{"line":130,"column":37}}]},"38":{"loc":{"start":{"line":130,"column":18},"end":{"line":130,"column":24}},"type":"binary-expr","locations":[{"start":{"line":130,"column":18},"end":{"line":130,"column":24}},{"start":{"line":130,"column":18},"end":{"line":130,"column":24}}]},"39":{"loc":{"start":{"line":131,"column":2},"end":{"line":131,"column":41}},"type":"default-arg","locations":[{"start":{"line":131,"column":17},"end":{"line":131,"column":41}}]},"40":{"loc":{"start":{"line":131,"column":17},"end":{"line":131,"column":41}},"type":"binary-expr","locations":[{"start":{"line":131,"column":17},"end":{"line":131,"column":35}},{"start":{"line":131,"column":39},"end":{"line":131,"column":41}}]},"41":{"loc":{"start":{"line":131,"column":17},"end":{"line":131,"column":35}},"type":"cond-expr","locations":[{"start":{"line":131,"column":21},"end":{"line":131,"column":23}},{"start":{"line":131,"column":17},"end":{"line":131,"column":35}}]},"42":{"loc":{"start":{"line":131,"column":17},"end":{"line":131,"column":23}},"type":"binary-expr","locations":[{"start":{"line":131,"column":17},"end":{"line":131,"column":23}},{"start":{"line":131,"column":17},"end":{"line":131,"column":23}}]},"43":{"loc":{"start":{"line":132,"column":2},"end":{"line":132,"column":45}},"type":"default-arg","locations":[{"start":{"line":132,"column":19},"end":{"line":132,"column":45}}]},"44":{"loc":{"start":{"line":132,"column":19},"end":{"line":132,"column":45}},"type":"binary-expr","locations":[{"start":{"line":132,"column":19},"end":{"line":132,"column":39}},{"start":{"line":132,"column":43},"end":{"line":132,"column":45}}]},"45":{"loc":{"start":{"line":132,"column":19},"end":{"line":132,"column":39}},"type":"cond-expr","locations":[{"start":{"line":132,"column":23},"end":{"line":132,"column":25}},{"start":{"line":132,"column":19},"end":{"line":132,"column":39}}]},"46":{"loc":{"start":{"line":132,"column":19},"end":{"line":132,"column":25}},"type":"binary-expr","locations":[{"start":{"line":132,"column":19},"end":{"line":132,"column":25}},{"start":{"line":132,"column":19},"end":{"line":132,"column":25}}]},"47":{"loc":{"start":{"line":133,"column":2},"end":{"line":133,"column":72}},"type":"default-arg","locations":[{"start":{"line":133,"column":31},"end":{"line":133,"column":72}}]},"48":{"loc":{"start":{"line":133,"column":31},"end":{"line":133,"column":72}},"type":"binary-expr","locations":[{"start":{"line":133,"column":31},"end":{"line":133,"column":63}},{"start":{"line":133,"column":67},"end":{"line":133,"column":72}}]},"49":{"loc":{"start":{"line":133,"column":31},"end":{"line":133,"column":63}},"type":"cond-expr","locations":[{"start":{"line":133,"column":35},"end":{"line":133,"column":37}},{"start":{"line":133,"column":31},"end":{"line":133,"column":63}}]},"50":{"loc":{"start":{"line":133,"column":31},"end":{"line":133,"column":37}},"type":"binary-expr","locations":[{"start":{"line":133,"column":31},"end":{"line":133,"column":37}},{"start":{"line":133,"column":31},"end":{"line":133,"column":37}}]},"51":{"loc":{"start":{"line":134,"column":2},"end":{"line":134,"column":46}},"type":"default-arg","locations":[{"start":{"line":134,"column":18},"end":{"line":134,"column":46}}]},"52":{"loc":{"start":{"line":134,"column":18},"end":{"line":134,"column":46}},"type":"binary-expr","locations":[{"start":{"line":134,"column":18},"end":{"line":134,"column":37}},{"start":{"line":134,"column":41},"end":{"line":134,"column":46}}]},"53":{"loc":{"start":{"line":134,"column":18},"end":{"line":134,"column":37}},"type":"cond-expr","locations":[{"start":{"line":134,"column":22},"end":{"line":134,"column":24}},{"start":{"line":134,"column":18},"end":{"line":134,"column":37}}]},"54":{"loc":{"start":{"line":134,"column":18},"end":{"line":134,"column":24}},"type":"binary-expr","locations":[{"start":{"line":134,"column":18},"end":{"line":134,"column":24}},{"start":{"line":134,"column":18},"end":{"line":134,"column":24}}]},"55":{"loc":{"start":{"line":135,"column":2},"end":{"line":135,"column":44}},"type":"default-arg","locations":[{"start":{"line":135,"column":17},"end":{"line":135,"column":44}}]},"56":{"loc":{"start":{"line":135,"column":17},"end":{"line":135,"column":44}},"type":"binary-expr","locations":[{"start":{"line":135,"column":17},"end":{"line":135,"column":35}},{"start":{"line":135,"column":39},"end":{"line":135,"column":44}}]},"57":{"loc":{"start":{"line":135,"column":17},"end":{"line":135,"column":35}},"type":"cond-expr","locations":[{"start":{"line":135,"column":21},"end":{"line":135,"column":23}},{"start":{"line":135,"column":17},"end":{"line":135,"column":35}}]},"58":{"loc":{"start":{"line":135,"column":17},"end":{"line":135,"column":23}},"type":"binary-expr","locations":[{"start":{"line":135,"column":17},"end":{"line":135,"column":23}},{"start":{"line":135,"column":17},"end":{"line":135,"column":23}}]},"59":{"loc":{"start":{"line":136,"column":2},"end":{"line":136,"column":38}},"type":"default-arg","locations":[{"start":{"line":136,"column":14},"end":{"line":136,"column":38}}]},"60":{"loc":{"start":{"line":136,"column":14},"end":{"line":136,"column":38}},"type":"binary-expr","locations":[{"start":{"line":136,"column":14},"end":{"line":136,"column":29}},{"start":{"line":136,"column":33},"end":{"line":136,"column":38}}]},"61":{"loc":{"start":{"line":136,"column":14},"end":{"line":136,"column":29}},"type":"cond-expr","locations":[{"start":{"line":136,"column":18},"end":{"line":136,"column":20}},{"start":{"line":136,"column":14},"end":{"line":136,"column":29}}]},"62":{"loc":{"start":{"line":136,"column":14},"end":{"line":136,"column":20}},"type":"binary-expr","locations":[{"start":{"line":136,"column":14},"end":{"line":136,"column":20}},{"start":{"line":136,"column":14},"end":{"line":136,"column":20}}]},"63":{"loc":{"start":{"line":137,"column":2},"end":{"line":137,"column":58}},"type":"default-arg","locations":[{"start":{"line":137,"column":24},"end":{"line":137,"column":58}}]},"64":{"loc":{"start":{"line":137,"column":24},"end":{"line":137,"column":58}},"type":"binary-expr","locations":[{"start":{"line":137,"column":24},"end":{"line":137,"column":49}},{"start":{"line":137,"column":53},"end":{"line":137,"column":58}}]},"65":{"loc":{"start":{"line":137,"column":24},"end":{"line":137,"column":49}},"type":"cond-expr","locations":[{"start":{"line":137,"column":28},"end":{"line":137,"column":30}},{"start":{"line":137,"column":24},"end":{"line":137,"column":49}}]},"66":{"loc":{"start":{"line":137,"column":24},"end":{"line":137,"column":30}},"type":"binary-expr","locations":[{"start":{"line":137,"column":24},"end":{"line":137,"column":30}},{"start":{"line":137,"column":24},"end":{"line":137,"column":30}}]},"67":{"loc":{"start":{"line":138,"column":2},"end":{"line":138,"column":37}},"type":"default-arg","locations":[{"start":{"line":138,"column":18},"end":{"line":138,"column":37}}]},"68":{"loc":{"start":{"line":138,"column":18},"end":{"line":138,"column":37}},"type":"cond-expr","locations":[{"start":{"line":138,"column":22},"end":{"line":138,"column":24}},{"start":{"line":138,"column":18},"end":{"line":138,"column":37}}]},"69":{"loc":{"start":{"line":138,"column":18},"end":{"line":138,"column":24}},"type":"binary-expr","locations":[{"start":{"line":138,"column":18},"end":{"line":138,"column":24}},{"start":{"line":138,"column":18},"end":{"line":138,"column":24}}]},"70":{"loc":{"start":{"line":139,"column":2},"end":{"line":139,"column":null}},"type":"default-arg","locations":[{"start":{"line":139,"column":19},"end":{"line":139,"column":null}}]},"71":{"loc":{"start":{"line":139,"column":19},"end":{"line":139,"column":null}},"type":"cond-expr","locations":[{"start":{"line":139,"column":23},"end":{"line":139,"column":25}},{"start":{"line":139,"column":19},"end":{"line":139,"column":null}}]},"72":{"loc":{"start":{"line":139,"column":19},"end":{"line":139,"column":25}},"type":"binary-expr","locations":[{"start":{"line":139,"column":19},"end":{"line":139,"column":25}},{"start":{"line":139,"column":19},"end":{"line":139,"column":25}}]},"73":{"loc":{"start":{"line":141,"column":2},"end":{"line":145,"column":null}},"type":"if","locations":[{"start":{"line":141,"column":2},"end":{"line":145,"column":null}},{"start":{"line":143,"column":9},"end":{"line":145,"column":null}}]},"74":{"loc":{"start":{"line":141,"column":6},"end":{"line":141,"column":43}},"type":"binary-expr","locations":[{"start":{"line":141,"column":6},"end":{"line":141,"column":25}},{"start":{"line":141,"column":29},"end":{"line":141,"column":43}}]},"75":{"loc":{"start":{"line":143,"column":9},"end":{"line":145,"column":null}},"type":"if","locations":[{"start":{"line":143,"column":9},"end":{"line":145,"column":null}}]},"76":{"loc":{"start":{"line":151,"column":2},"end":{"line":158,"column":null}},"type":"if","locations":[{"start":{"line":151,"column":2},"end":{"line":158,"column":null}},{"start":{"line":153,"column":9},"end":{"line":158,"column":null}}]},"77":{"loc":{"start":{"line":153,"column":9},"end":{"line":158,"column":null}},"type":"if","locations":[{"start":{"line":153,"column":9},"end":{"line":158,"column":null}}]},"78":{"loc":{"start":{"line":162,"column":30},"end":{"line":162,"column":118}},"type":"cond-expr","locations":[{"start":{"line":162,"column":93},"end":{"line":162,"column":95}},{"start":{"line":162,"column":33},"end":{"line":162,"column":118}}]},"79":{"loc":{"start":{"line":162,"column":30},"end":{"line":162,"column":95}},"type":"binary-expr","locations":[{"start":{"line":162,"column":30},"end":{"line":162,"column":85}},{"start":{"line":162,"column":83},"end":{"line":162,"column":85}},{"start":{"line":162,"column":83},"end":{"line":162,"column":95}},{"start":{"line":162,"column":93},"end":{"line":162,"column":95}}]},"80":{"loc":{"start":{"line":164,"column":30},"end":{"line":164,"column":118}},"type":"cond-expr","locations":[{"start":{"line":164,"column":93},"end":{"line":164,"column":95}},{"start":{"line":164,"column":33},"end":{"line":164,"column":118}}]},"81":{"loc":{"start":{"line":164,"column":30},"end":{"line":164,"column":95}},"type":"binary-expr","locations":[{"start":{"line":164,"column":30},"end":{"line":164,"column":85}},{"start":{"line":164,"column":83},"end":{"line":164,"column":85}},{"start":{"line":164,"column":83},"end":{"line":164,"column":95}},{"start":{"line":164,"column":93},"end":{"line":164,"column":95}}]},"82":{"loc":{"start":{"line":168,"column":2},"end":{"line":176,"column":null}},"type":"if","locations":[{"start":{"line":168,"column":2},"end":{"line":176,"column":null}},{"start":{"line":172,"column":9},"end":{"line":176,"column":null}}]},"83":{"loc":{"start":{"line":169,"column":23},"end":{"line":169,"column":108}},"type":"cond-expr","locations":[{"start":{"line":169,"column":83},"end":{"line":169,"column":85}},{"start":{"line":169,"column":26},"end":{"line":169,"column":108}}]},"84":{"loc":{"start":{"line":169,"column":23},"end":{"line":169,"column":85}},"type":"binary-expr","locations":[{"start":{"line":169,"column":23},"end":{"line":169,"column":75}},{"start":{"line":169,"column":73},"end":{"line":169,"column":75}},{"start":{"line":169,"column":73},"end":{"line":169,"column":85}},{"start":{"line":169,"column":83},"end":{"line":169,"column":85}}]},"85":{"loc":{"start":{"line":171,"column":23},"end":{"line":171,"column":108}},"type":"cond-expr","locations":[{"start":{"line":171,"column":83},"end":{"line":171,"column":85}},{"start":{"line":171,"column":26},"end":{"line":171,"column":108}}]},"86":{"loc":{"start":{"line":171,"column":23},"end":{"line":171,"column":85}},"type":"binary-expr","locations":[{"start":{"line":171,"column":23},"end":{"line":171,"column":75}},{"start":{"line":171,"column":73},"end":{"line":171,"column":75}},{"start":{"line":171,"column":73},"end":{"line":171,"column":85}},{"start":{"line":171,"column":83},"end":{"line":171,"column":85}}]},"87":{"loc":{"start":{"line":173,"column":23},"end":{"line":173,"column":108}},"type":"cond-expr","locations":[{"start":{"line":173,"column":83},"end":{"line":173,"column":85}},{"start":{"line":173,"column":26},"end":{"line":173,"column":108}}]},"88":{"loc":{"start":{"line":173,"column":23},"end":{"line":173,"column":85}},"type":"binary-expr","locations":[{"start":{"line":173,"column":23},"end":{"line":173,"column":75}},{"start":{"line":173,"column":73},"end":{"line":173,"column":75}},{"start":{"line":173,"column":73},"end":{"line":173,"column":85}},{"start":{"line":173,"column":83},"end":{"line":173,"column":85}}]},"89":{"loc":{"start":{"line":175,"column":23},"end":{"line":175,"column":108}},"type":"cond-expr","locations":[{"start":{"line":175,"column":83},"end":{"line":175,"column":85}},{"start":{"line":175,"column":26},"end":{"line":175,"column":108}}]},"90":{"loc":{"start":{"line":175,"column":23},"end":{"line":175,"column":85}},"type":"binary-expr","locations":[{"start":{"line":175,"column":23},"end":{"line":175,"column":75}},{"start":{"line":175,"column":73},"end":{"line":175,"column":75}},{"start":{"line":175,"column":73},"end":{"line":175,"column":85}},{"start":{"line":175,"column":83},"end":{"line":175,"column":85}}]},"91":{"loc":{"start":{"line":178,"column":2},"end":{"line":189,"column":null}},"type":"if","locations":[{"start":{"line":178,"column":2},"end":{"line":189,"column":null}}]},"92":{"loc":{"start":{"line":180,"column":4},"end":{"line":182,"column":null}},"type":"if","locations":[{"start":{"line":180,"column":4},"end":{"line":182,"column":null}}]},"93":{"loc":{"start":{"line":183,"column":75},"end":{"line":183,"column":110}},"type":"binary-expr","locations":[{"start":{"line":183,"column":75},"end":{"line":183,"column":81}},{"start":{"line":183,"column":85},"end":{"line":183,"column":110}}]},"94":{"loc":{"start":{"line":184,"column":4},"end":{"line":188,"column":null}},"type":"if","locations":[{"start":{"line":184,"column":4},"end":{"line":188,"column":null}}]},"95":{"loc":{"start":{"line":191,"column":2},"end":{"line":197,"column":null}},"type":"if","locations":[{"start":{"line":191,"column":2},"end":{"line":197,"column":null}}]},"96":{"loc":{"start":{"line":191,"column":6},"end":{"line":195,"column":40}},"type":"binary-expr","locations":[{"start":{"line":191,"column":6},"end":{"line":191,"column":28}},{"start":{"line":192,"column":5},"end":{"line":192,"column":41}},{"start":{"line":193,"column":6},"end":{"line":193,"column":42}},{"start":{"line":194,"column":6},"end":{"line":194,"column":39}},{"start":{"line":195,"column":6},"end":{"line":195,"column":39}}]},"97":{"loc":{"start":{"line":198,"column":2},"end":{"line":267,"column":null}},"type":"if","locations":[{"start":{"line":198,"column":2},"end":{"line":267,"column":null}},{"start":{"line":224,"column":9},"end":{"line":267,"column":null}}]},"98":{"loc":{"start":{"line":199,"column":4},"end":{"line":223,"column":null}},"type":"if","locations":[{"start":{"line":199,"column":4},"end":{"line":223,"column":null}},{"start":{"line":219,"column":11},"end":{"line":223,"column":null}}]},"99":{"loc":{"start":{"line":199,"column":8},"end":{"line":199,"column":84}},"type":"binary-expr","locations":[{"start":{"line":199,"column":8},"end":{"line":199,"column":38}},{"start":{"line":199,"column":43},"end":{"line":199,"column":61}},{"start":{"line":199,"column":65},"end":{"line":199,"column":83}}]},"100":{"loc":{"start":{"line":201,"column":6},"end":{"line":210,"column":null}},"type":"if","locations":[{"start":{"line":201,"column":6},"end":{"line":210,"column":null}},{"start":{"line":204,"column":13},"end":{"line":210,"column":null}}]},"101":{"loc":{"start":{"line":204,"column":13},"end":{"line":210,"column":null}},"type":"if","locations":[{"start":{"line":204,"column":13},"end":{"line":210,"column":null}},{"start":{"line":207,"column":13},"end":{"line":210,"column":null}}]},"102":{"loc":{"start":{"line":208,"column":26},"end":{"line":208,"column":71}},"type":"binary-expr","locations":[{"start":{"line":208,"column":26},"end":{"line":208,"column":49}},{"start":{"line":208,"column":53},"end":{"line":208,"column":71}}]},"103":{"loc":{"start":{"line":212,"column":6},"end":{"line":218,"column":null}},"type":"if","locations":[{"start":{"line":212,"column":6},"end":{"line":218,"column":null}},{"start":{"line":214,"column":13},"end":{"line":218,"column":null}}]},"104":{"loc":{"start":{"line":214,"column":13},"end":{"line":218,"column":null}},"type":"if","locations":[{"start":{"line":214,"column":13},"end":{"line":218,"column":null}},{"start":{"line":216,"column":13},"end":{"line":218,"column":null}}]},"105":{"loc":{"start":{"line":214,"column":17},"end":{"line":214,"column":98}},"type":"binary-expr","locations":[{"start":{"line":214,"column":17},"end":{"line":214,"column":57}},{"start":{"line":214,"column":61},"end":{"line":214,"column":98}}]},"106":{"loc":{"start":{"line":216,"column":13},"end":{"line":218,"column":null}},"type":"if","locations":[{"start":{"line":216,"column":13},"end":{"line":218,"column":null}}]},"107":{"loc":{"start":{"line":216,"column":17},"end":{"line":216,"column":75}},"type":"binary-expr","locations":[{"start":{"line":216,"column":17},"end":{"line":216,"column":40}},{"start":{"line":216,"column":44},"end":{"line":216,"column":75}}]},"108":{"loc":{"start":{"line":219,"column":11},"end":{"line":223,"column":null}},"type":"if","locations":[{"start":{"line":219,"column":11},"end":{"line":223,"column":null}},{"start":{"line":221,"column":11},"end":{"line":223,"column":null}}]},"109":{"loc":{"start":{"line":219,"column":15},"end":{"line":219,"column":107}},"type":"binary-expr","locations":[{"start":{"line":219,"column":15},"end":{"line":219,"column":45}},{"start":{"line":219,"column":49},"end":{"line":219,"column":72}},{"start":{"line":219,"column":76},"end":{"line":219,"column":107}}]},"110":{"loc":{"start":{"line":221,"column":11},"end":{"line":223,"column":null}},"type":"if","locations":[{"start":{"line":221,"column":11},"end":{"line":223,"column":null}}]},"111":{"loc":{"start":{"line":225,"column":4},"end":{"line":233,"column":null}},"type":"if","locations":[{"start":{"line":225,"column":4},"end":{"line":233,"column":null}}]},"112":{"loc":{"start":{"line":225,"column":8},"end":{"line":225,"column":30}},"type":"cond-expr","locations":[{"start":{"line":225,"column":22},"end":{"line":225,"column":24}},{"start":{"line":225,"column":8},"end":{"line":225,"column":30}}]},"113":{"loc":{"start":{"line":225,"column":8},"end":{"line":225,"column":24}},"type":"binary-expr","locations":[{"start":{"line":225,"column":8},"end":{"line":225,"column":24}},{"start":{"line":225,"column":8},"end":{"line":225,"column":24}}]},"114":{"loc":{"start":{"line":227,"column":29},"end":{"line":227,"column":99}},"type":"cond-expr","locations":[{"start":{"line":227,"column":62},"end":{"line":227,"column":76}},{"start":{"line":227,"column":79},"end":{"line":227,"column":99}}]},"115":{"loc":{"start":{"line":228,"column":8},"end":{"line":231,"column":null}},"type":"if","locations":[{"start":{"line":228,"column":8},"end":{"line":231,"column":null}}]},"116":{"loc":{"start":{"line":238,"column":4},"end":{"line":266,"column":null}},"type":"if","locations":[{"start":{"line":238,"column":4},"end":{"line":266,"column":null}},{"start":{"line":243,"column":11},"end":{"line":266,"column":null}}]},"117":{"loc":{"start":{"line":238,"column":8},"end":{"line":238,"column":59}},"type":"binary-expr","locations":[{"start":{"line":238,"column":8},"end":{"line":238,"column":31}},{"start":{"line":238,"column":35},"end":{"line":238,"column":59}}]},"118":{"loc":{"start":{"line":240,"column":6},"end":{"line":242,"column":null}},"type":"if","locations":[{"start":{"line":240,"column":6},"end":{"line":242,"column":null}}]},"119":{"loc":{"start":{"line":243,"column":11},"end":{"line":266,"column":null}},"type":"if","locations":[{"start":{"line":243,"column":11},"end":{"line":266,"column":null}},{"start":{"line":247,"column":11},"end":{"line":266,"column":null}}]},"120":{"loc":{"start":{"line":243,"column":15},"end":{"line":243,"column":80}},"type":"binary-expr","locations":[{"start":{"line":243,"column":15},"end":{"line":243,"column":38}},{"start":{"line":243,"column":42},"end":{"line":243,"column":80}}]},"121":{"loc":{"start":{"line":247,"column":11},"end":{"line":266,"column":null}},"type":"if","locations":[{"start":{"line":247,"column":11},"end":{"line":266,"column":null}}]},"122":{"loc":{"start":{"line":247,"column":15},"end":{"line":247,"column":85}},"type":"binary-expr","locations":[{"start":{"line":247,"column":15},"end":{"line":247,"column":48}},{"start":{"line":247,"column":52},"end":{"line":247,"column":85}}]},"123":{"loc":{"start":{"line":248,"column":6},"end":{"line":255,"column":null}},"type":"if","locations":[{"start":{"line":248,"column":6},"end":{"line":255,"column":null}}]},"124":{"loc":{"start":{"line":249,"column":22},"end":{"line":249,"column":46}},"type":"binary-expr","locations":[{"start":{"line":249,"column":22},"end":{"line":249,"column":33}},{"start":{"line":249,"column":37},"end":{"line":249,"column":46}}]},"125":{"loc":{"start":{"line":251,"column":8},"end":{"line":254,"column":null}},"type":"if","locations":[{"start":{"line":251,"column":8},"end":{"line":254,"column":null}}]},"126":{"loc":{"start":{"line":251,"column":13},"end":{"line":252,"column":64}},"type":"binary-expr","locations":[{"start":{"line":251,"column":13},"end":{"line":251,"column":39}},{"start":{"line":251,"column":43},"end":{"line":251,"column":69}},{"start":{"line":252,"column":11},"end":{"line":252,"column":38}},{"start":{"line":252,"column":42},"end":{"line":252,"column":64}}]},"127":{"loc":{"start":{"line":257,"column":6},"end":{"line":259,"column":null}},"type":"if","locations":[{"start":{"line":257,"column":6},"end":{"line":259,"column":null}}]},"128":{"loc":{"start":{"line":262,"column":8},"end":{"line":264,"column":null}},"type":"if","locations":[{"start":{"line":262,"column":8},"end":{"line":264,"column":null}}]},"129":{"loc":{"start":{"line":269,"column":2},"end":{"line":271,"column":null}},"type":"if","locations":[{"start":{"line":269,"column":2},"end":{"line":271,"column":null}}]},"130":{"loc":{"start":{"line":269,"column":6},"end":{"line":269,"column":63}},"type":"binary-expr","locations":[{"start":{"line":269,"column":6},"end":{"line":269,"column":35}},{"start":{"line":269,"column":39},"end":{"line":269,"column":63}}]},"131":{"loc":{"start":{"line":272,"column":2},"end":{"line":282,"column":null}},"type":"if","locations":[{"start":{"line":272,"column":2},"end":{"line":282,"column":null}}]},"132":{"loc":{"start":{"line":272,"column":6},"end":{"line":272,"column":55}},"type":"binary-expr","locations":[{"start":{"line":272,"column":6},"end":{"line":272,"column":30}},{"start":{"line":272,"column":34},"end":{"line":272,"column":55}}]},"133":{"loc":{"start":{"line":272,"column":6},"end":{"line":272,"column":26}},"type":"cond-expr","locations":[{"start":{"line":272,"column":18},"end":{"line":272,"column":20}},{"start":{"line":272,"column":6},"end":{"line":272,"column":26}}]},"134":{"loc":{"start":{"line":272,"column":6},"end":{"line":272,"column":20}},"type":"binary-expr","locations":[{"start":{"line":272,"column":6},"end":{"line":272,"column":20}},{"start":{"line":272,"column":18},"end":{"line":272,"column":20}}]},"135":{"loc":{"start":{"line":273,"column":19},"end":{"line":273,"column":91}},"type":"cond-expr","locations":[{"start":{"line":273,"column":54},"end":{"line":273,"column":76}},{"start":{"line":273,"column":79},"end":{"line":273,"column":91}}]},"136":{"loc":{"start":{"line":274,"column":4},"end":{"line":276,"column":null}},"type":"if","locations":[{"start":{"line":274,"column":4},"end":{"line":276,"column":null}}]},"137":{"loc":{"start":{"line":278,"column":6},"end":{"line":280,"column":null}},"type":"if","locations":[{"start":{"line":278,"column":6},"end":{"line":280,"column":null}}]},"138":{"loc":{"start":{"line":279,"column":51},"end":{"line":279,"column":85}},"type":"cond-expr","locations":[{"start":{"line":279,"column":69},"end":{"line":279,"column":80}},{"start":{"line":279,"column":83},"end":{"line":279,"column":85}}]},"139":{"loc":{"start":{"line":283,"column":2},"end":{"line":310,"column":null}},"type":"if","locations":[{"start":{"line":283,"column":2},"end":{"line":310,"column":null}}]},"140":{"loc":{"start":{"line":283,"column":6},"end":{"line":283,"column":65}},"type":"binary-expr","locations":[{"start":{"line":283,"column":6},"end":{"line":283,"column":41}},{"start":{"line":283,"column":45},"end":{"line":283,"column":65}}]},"141":{"loc":{"start":{"line":284,"column":4},"end":{"line":303,"column":null}},"type":"if","locations":[{"start":{"line":284,"column":4},"end":{"line":303,"column":null}},{"start":{"line":294,"column":11},"end":{"line":303,"column":null}}]},"142":{"loc":{"start":{"line":286,"column":6},"end":{"line":292,"column":null}},"type":"if","locations":[{"start":{"line":286,"column":6},"end":{"line":292,"column":null}},{"start":{"line":288,"column":13},"end":{"line":292,"column":null}}]},"143":{"loc":{"start":{"line":288,"column":13},"end":{"line":292,"column":null}},"type":"if","locations":[{"start":{"line":288,"column":13},"end":{"line":292,"column":null}}]},"144":{"loc":{"start":{"line":294,"column":11},"end":{"line":303,"column":null}},"type":"if","locations":[{"start":{"line":294,"column":11},"end":{"line":303,"column":null}}]},"145":{"loc":{"start":{"line":296,"column":6},"end":{"line":302,"column":null}},"type":"if","locations":[{"start":{"line":296,"column":6},"end":{"line":302,"column":null}},{"start":{"line":298,"column":13},"end":{"line":302,"column":null}}]},"146":{"loc":{"start":{"line":298,"column":13},"end":{"line":302,"column":null}},"type":"if","locations":[{"start":{"line":298,"column":13},"end":{"line":302,"column":null}}]},"147":{"loc":{"start":{"line":304,"column":4},"end":{"line":306,"column":null}},"type":"if","locations":[{"start":{"line":304,"column":4},"end":{"line":306,"column":null}}]},"148":{"loc":{"start":{"line":304,"column":8},"end":{"line":304,"column":75}},"type":"binary-expr","locations":[{"start":{"line":304,"column":8},"end":{"line":304,"column":26}},{"start":{"line":304,"column":30},"end":{"line":304,"column":50}},{"start":{"line":304,"column":54},"end":{"line":304,"column":75}}]},"149":{"loc":{"start":{"line":307,"column":4},"end":{"line":309,"column":null}},"type":"if","locations":[{"start":{"line":307,"column":4},"end":{"line":309,"column":null}}]},"150":{"loc":{"start":{"line":307,"column":8},"end":{"line":307,"column":102}},"type":"binary-expr","locations":[{"start":{"line":307,"column":8},"end":{"line":307,"column":36}},{"start":{"line":307,"column":40},"end":{"line":307,"column":60}},{"start":{"line":307,"column":65},"end":{"line":307,"column":102}}]},"151":{"loc":{"start":{"line":314,"column":29},"end":{"line":314,"column":79}},"type":"binary-expr","locations":[{"start":{"line":314,"column":29},"end":{"line":314,"column":50}},{"start":{"line":314,"column":54},"end":{"line":314,"column":79}}]},"152":{"loc":{"start":{"line":314,"column":29},"end":{"line":314,"column":50}},"type":"cond-expr","locations":[{"start":{"line":314,"column":35},"end":{"line":314,"column":37}},{"start":{"line":314,"column":29},"end":{"line":314,"column":50}}]},"153":{"loc":{"start":{"line":314,"column":29},"end":{"line":314,"column":37}},"type":"binary-expr","locations":[{"start":{"line":314,"column":29},"end":{"line":314,"column":37}},{"start":{"line":314,"column":35},"end":{"line":314,"column":37}}]},"154":{"loc":{"start":{"line":325,"column":2},"end":{"line":328,"column":null}},"type":"if","locations":[{"start":{"line":325,"column":2},"end":{"line":328,"column":null}}]},"155":{"loc":{"start":{"line":329,"column":2},"end":{"line":342,"column":null}},"type":"if","locations":[{"start":{"line":329,"column":2},"end":{"line":342,"column":null}}]},"156":{"loc":{"start":{"line":331,"column":4},"end":{"line":341,"column":5}},"type":"if","locations":[{"start":{"line":331,"column":4},"end":{"line":341,"column":5}},{"start":{"line":339,"column":11},"end":{"line":341,"column":5}}]},"157":{"loc":{"start":{"line":331,"column":8},"end":{"line":336,"column":95}},"type":"binary-expr","locations":[{"start":{"line":331,"column":8},"end":{"line":331,"column":33}},{"start":{"line":332,"column":8},"end":{"line":332,"column":44}},{"start":{"line":333,"column":8},"end":{"line":333,"column":46}},{"start":{"line":334,"column":8},"end":{"line":334,"column":46}},{"start":{"line":335,"column":8},"end":{"line":335,"column":45}},{"start":{"line":336,"column":9},"end":{"line":336,"column":46}},{"start":{"line":336,"column":50},"end":{"line":336,"column":94}}]},"158":{"loc":{"start":{"line":339,"column":11},"end":{"line":341,"column":5}},"type":"if","locations":[{"start":{"line":339,"column":11},"end":{"line":341,"column":5}}]}},"s":{"0":1,"1":1,"2":1,"3":1,"4":2,"5":1,"6":162,"7":4,"8":158,"9":2,"10":156,"11":156,"12":156,"13":156,"14":10,"15":146,"16":2,"17":144,"18":144,"19":144,"20":144,"21":144,"22":144,"23":113,"24":113,"25":113,"26":31,"27":31,"28":31,"29":144,"30":142,"31":142,"32":2,"33":142,"34":142,"35":2,"36":144,"37":10,"38":144,"39":31,"40":23,"41":10,"42":10,"43":10,"44":13,"45":7,"46":7,"47":7,"48":6,"49":6,"50":6,"51":23,"52":7,"53":16,"54":2,"55":14,"56":4,"57":8,"58":2,"59":6,"60":2,"61":113,"62":8,"63":8,"64":8,"65":6,"66":6,"67":113,"68":113,"69":113,"70":5,"71":5,"72":3,"73":108,"74":4,"75":104,"76":98,"77":92,"78":92,"79":4,"80":98,"81":2,"82":98,"83":98,"84":198,"85":4,"86":144,"87":7,"88":144,"89":8,"90":8,"91":2,"92":8,"93":12,"94":12,"95":144,"96":111,"97":7,"98":2,"99":5,"100":2,"101":104,"102":4,"103":2,"104":2,"105":2,"106":111,"107":2,"108":111,"109":2,"110":144,"111":144,"112":8,"113":8,"114":144,"115":6,"116":6,"117":2,"118":4,"119":0,"120":144,"121":1},"f":{"0":1,"1":162,"2":10,"3":7,"4":6},"b":{"0":[1],"1":[0,0],"2":[1,1,1],"3":[114],"4":[158],"5":[158,156],"6":[81,77],"7":[158,158],"8":[158],"9":[158,154],"10":[81,77],"11":[158,158],"12":[159],"13":[159,156],"14":[82,77],"15":[159,159],"16":[153],"17":[153,146],"18":[76,77],"19":[153,153],"20":[155],"21":[155,149],"22":[78,77],"23":[155,155],"24":[160],"25":[160,158],"26":[83,77],"27":[160,160],"28":[158],"29":[158,156],"30":[81,77],"31":[158,158],"32":[160],"33":[83,77],"34":[160,160],"35":[159],"36":[159,156],"37":[82,77],"38":[159,159],"39":[158],"40":[158,155],"41":[81,77],"42":[158,158],"43":[157],"44":[157,153],"45":[80,77],"46":[157,157],"47":[161],"48":[161,160],"49":[84,77],"50":[161,161],"51":[161],"52":[161,160],"53":[84,77],"54":[161,161],"55":[161],"56":[161,160],"57":[84,77],"58":[161,161],"59":[161],"60":[161,160],"61":[84,77],"62":[161,161],"63":[161],"64":[161,160],"65":[84,77],"66":[161,161],"67":[158],"68":[81,77],"69":[158,158],"70":[159],"71":[82,77],"72":[159,159],"73":[4,158],"74":[162,160],"75":[2],"76":[10,146],"77":[2],"78":[136,8],"79":[144,144,144,144],"80":[136,8],"81":[144,144,144,144],"82":[113,31],"83":[108,5],"84":[113,113,113,113],"85":[108,5],"86":[113,113,113,113],"87":[28,3],"88":[31,31,31,31],"89":[26,5],"90":[31,31,31,31],"91":[142],"92":[2],"93":[142,31],"94":[2],"95":[10],"96":[144,138,136,134,132],"97":[31,113],"98":[23,8],"99":[31,25,9],"100":[10,13],"101":[7,6],"102":[6,4],"103":[7,16],"104":[2,14],"105":[16,9],"106":[4],"107":[14,14],"108":[2,6],"109":[8,6,6],"110":[2],"111":[8],"112":[1,112],"113":[113,112],"114":[0,8],"115":[6],"116":[5,108],"117":[113,105],"118":[3],"119":[4,104],"120":[108,104],"121":[98],"122":[104,100],"123":[92],"124":[92,88],"125":[4],"126":[92,2,92,90],"127":[2],"128":[4],"129":[7],"130":[144,138],"131":[8],"132":[144,138],"133":[1,143],"134":[144,143],"135":[2,6],"136":[2],"137":[12],"138":[2,10],"139":[111],"140":[144,142],"141":[7,104],"142":[2,5],"143":[2],"144":[4],"145":[2,2],"146":[2],"147":[2],"148":[111,2,2],"149":[2],"150":[111,2,2],"151":[144,31],"152":[31,113],"153":[144,144],"154":[8],"155":[6],"156":[2,4],"157":[6,6,2,2,2,2,0],"158":[0]}}
,"/Users/zane/playground/true-email-validator/src/lib/lib/process-validation-result.mjs": {"path":"/Users/zane/playground/true-email-validator/src/lib/lib/process-validation-result.mjs","statementMap":{"0":{"start":{"line":1,"column":32},"end":{"line":12,"column":1}},"1":{"start":{"line":2,"column":2},"end":{"line":9,"column":null}},"2":{"start":{"line":3,"column":4},"end":{"line":3,"column":null}},"3":{"start":{"line":4,"column":4},"end":{"line":8,"column":null}},"4":{"start":{"line":5,"column":6},"end":{"line":5,"column":null}},"5":{"start":{"line":7,"column":6},"end":{"line":7,"column":null}},"6":{"start":{"line":11,"column":2},"end":{"line":11,"column":null}},"7":{"start":{"line":12,"column":1},"end":{"line":12,"column":null}}},"fnMap":{"0":{"name":"(anonymous_0)","decl":{"start":{"line":1,"column":32},"end":{"line":1,"column":33}},"loc":{"start":{"line":1,"column":72},"end":{"line":12,"column":1}}}},"branchMap":{"0":{"loc":{"start":{"line":2,"column":2},"end":{"line":9,"column":null}},"type":"if","locations":[{"start":{"line":2,"column":2},"end":{"line":9,"column":null}}]},"1":{"loc":{"start":{"line":4,"column":4},"end":{"line":8,"column":null}},"type":"if","locations":[{"start":{"line":4,"column":4},"end":{"line":8,"column":null}},{"start":{"line":6,"column":11},"end":{"line":8,"column":null}}]}},"s":{"0":2,"1":11,"2":6,"3":6,"4":3,"5":3,"6":11,"7":2},"f":{"0":11},"b":{"0":[6],"1":[3,3]}}
}
